[12:02:03] [main/DEBUG] [FML/]: Injecting tracing printstreams for STDOUT/STDERR.
[12:02:03] [main/INFO] [FML/]: Forge Mod Loader version 7.99.40.1614 for Minecraft 1.7.10 loading
[12:02:03] [main/INFO] [FML/]: Java is Java HotSpot(TM) 64-Bit Server VM, version 1.8.0_181, running on Windows 10:amd64:10.0, installed at C:\Program Files\Java\jre1.8.0_181
[12:02:03] [main/DEBUG] [FML/]: Java classpath at launch is D:/Hopík/Dokumenty D/MultiMC/jars/NewLaunch.jar;D:/Hopík/Dokumenty D/MultiMC/libraries/net/java/jinput/jinput/2.0.5/jinput-2.0.5.jar;D:/Hopík/Dokumenty D/MultiMC/libraries/net/java/jutils/jutils/1.0.0/jutils-1.0.0.jar;D:/Hopík/Dokumenty D/MultiMC/libraries/org/lwjgl/lwjgl/lwjgl/2.9.1/lwjgl-2.9.1.jar;D:/Hopík/Dokumenty D/MultiMC/libraries/org/lwjgl/lwjgl/lwjgl_util/2.9.1/lwjgl_util-2.9.1.jar;D:/Hopík/Dokumenty D/MultiMC/libraries/com/mojang/netty/1.6/netty-1.6.jar;D:/Hopík/Dokumenty D/MultiMC/libraries/com/mojang/realms/1.3.5/realms-1.3.5.jar;D:/Hopík/Dokumenty D/MultiMC/libraries/org/apache/commons/commons-compress/1.8.1/commons-compress-1.8.1.jar;D:/Hopík/Dokumenty D/MultiMC/libraries/org/apache/httpcomponents/httpclient/4.3.3/httpclient-4.3.3.jar;D:/Hopík/Dokumenty D/MultiMC/libraries/commons-logging/commons-logging/1.1.3/commons-logging-1.1.3.jar;D:/Hopík/Dokumenty D/MultiMC/libraries/org/apache/httpcomponents/httpcore/4.3.2/httpcore-4.3.2.jar;D:/Hopík/Dokumenty D/MultiMC/libraries/java3d/vecmath/1.3.1/vecmath-1.3.1.jar;D:/Hopík/Dokumenty D/MultiMC/libraries/net/sf/trove4j/trove4j/3.0.3/trove4j-3.0.3.jar;D:/Hopík/Dokumenty D/MultiMC/libraries/com/ibm/icu/icu4j-core-mojang/51.2/icu4j-core-mojang-51.2.jar;D:/Hopík/Dokumenty D/MultiMC/libraries/net/sf/jopt-simple/jopt-simple/4.5/jopt-simple-4.5.jar;D:/Hopík/Dokumenty D/MultiMC/libraries/com/paulscode/codecjorbis/20101023/codecjorbis-20101023.jar;D:/Hopík/Dokumenty D/MultiMC/libraries/com/paulscode/codecwav/20101023/codecwav-20101023.jar;D:/Hopík/Dokumenty D/MultiMC/libraries/com/paulscode/libraryjavasound/20101123/libraryjavasound-20101123.jar;D:/Hopík/Dokumenty D/MultiMC/libraries/com/paulscode/librarylwjglopenal/20100824/librarylwjglopenal-20100824.jar;D:/Hopík/Dokumenty D/MultiMC/libraries/com/paulscode/soundsystem/20120107/soundsystem-20120107.jar;D:/Hopík/Dokumenty D/MultiMC/libraries/io/netty/netty-all/4.0.10.Final/netty-all-4.0.10.Final.jar;D:/Hopík/Dokumenty D/MultiMC/libraries/com/google/guava/guava/17.0/guava-17.0.jar;D:/Hopík/Dokumenty D/MultiMC/libraries/org/apache/commons/commons-lang3/3.3.2/commons-lang3-3.3.2.jar;D:/Hopík/Dokumenty D/MultiMC/libraries/commons-io/commons-io/2.4/commons-io-2.4.jar;D:/Hopík/Dokumenty D/MultiMC/libraries/commons-codec/commons-codec/1.9/commons-codec-1.9.jar;D:/Hopík/Dokumenty D/MultiMC/libraries/com/google/code/gson/gson/2.2.4/gson-2.2.4.jar;D:/Hopík/Dokumenty D/MultiMC/libraries/com/mojang/authlib/1.5.21/authlib-1.5.21.jar;D:/Hopík/Dokumenty D/MultiMC/libraries/org/apache/logging/log4j/log4j-api/2.0-beta9/log4j-api-2.0-beta9.jar;D:/Hopík/Dokumenty D/MultiMC/libraries/org/apache/logging/log4j/log4j-core/2.0-beta9/log4j-core-2.0-beta9.jar;D:/Hopík/Dokumenty D/MultiMC/libraries/tv/twitch/twitch/5.16/twitch-5.16.jar;D:/Hopík/Dokumenty D/MultiMC/libraries/net/minecraftforge/forge/1.7.10-10.13.4.1614-1.7.10/forge-1.7.10-10.13.4.1614-1.7.10-universal.jar;D:/Hopík/Dokumenty D/MultiMC/libraries/net/minecraft/launchwrapper/1.12/launchwrapper-1.12.jar;D:/Hopík/Dokumenty D/MultiMC/libraries/org/ow2/asm/asm-all/5.0.3/asm-all-5.0.3.jar;D:/Hopík/Dokumenty D/MultiMC/libraries/com/typesafe/akka/akka-actor_2.11/2.3.3/akka-actor_2.11-2.3.3.jar;D:/Hopík/Dokumenty D/MultiMC/libraries/com/typesafe/config/1.2.1/config-1.2.1.jar;D:/Hopík/Dokumenty D/MultiMC/libraries/org/scala-lang/scala-actors-migration_2.11/1.1.0/scala-actors-migration_2.11-1.1.0.jar;D:/Hopík/Dokumenty D/MultiMC/libraries/org/scala-lang/scala-compiler/2.11.1/scala-compiler-2.11.1.jar;D:/Hopík/Dokumenty D/MultiMC/libraries/org/scala-lang/plugins/scala-continuations-library_2.11/1.0.2/scala-continuations-library_2.11-1.0.2.jar;D:/Hopík/Dokumenty D/MultiMC/libraries/org/scala-lang/plugins/scala-continuations-plugin_2.11.1/1.0.2/scala-continuations-plugin_2.11.1-1.0.2.jar;D:/Hopík/Dokumenty D/MultiMC/libraries/org/scala-lang/scala-library/2.11.1/scala-library-2.11.1.jar;D:/Hopík/Dokumenty D/MultiMC/libraries/org/scala-lang/scala-parser-combinators_2.11/1.0.1/scala-parser-combinators_2.11-1.0.1.jar;D:/Hopík/Dokumenty D/MultiMC/libraries/org/scala-lang/scala-reflect/2.11.1/scala-reflect-2.11.1.jar;D:/Hopík/Dokumenty D/MultiMC/libraries/org/scala-lang/scala-swing_2.11/1.0.1/scala-swing_2.11-1.0.1.jar;D:/Hopík/Dokumenty D/MultiMC/libraries/org/scala-lang/scala-xml_2.11/1.0.2/scala-xml_2.11-1.0.2.jar;D:/Hopík/Dokumenty D/MultiMC/libraries/lzma/lzma/0.0.1/lzma-0.0.1.jar;D:/Hopík/Dokumenty D/MultiMC/libraries/com/mojang/minecraft/1.7.10/minecraft-1.7.10-client.jar
[12:02:03] [main/DEBUG] [FML/]: Java library path at launch is D:/Hopík/Dokumenty D/MultiMC/instances/FutureCraft 2/natives
[12:02:03] [main/DEBUG] [FML/]: Enabling runtime deobfuscation
[12:02:03] [main/DEBUG] [FML/]: Instantiating coremod class FMLCorePlugin
[12:02:03] [main/DEBUG] [FML/]: Added access transformer class cpw.mods.fml.common.asm.transformers.AccessTransformer to enqueued access transformers
[12:02:03] [main/DEBUG] [FML/]: Enqueued coremod FMLCorePlugin
[12:02:03] [main/DEBUG] [FML/]: Instantiating coremod class FMLForgePlugin
[12:02:03] [main/DEBUG] [FML/]: Added access transformer class net.minecraftforge.transformers.ForgeAccessTransformer to enqueued access transformers
[12:02:03] [main/DEBUG] [FML/]: Enqueued coremod FMLForgePlugin
[12:02:03] [main/DEBUG] [FML/]: All fundamental core mods are successfully located
[12:02:03] [main/DEBUG] [FML/]: Attempting to load commandline specified mods, relative to D:\Hopík\Dokumenty D\MultiMC\instances\FutureCraft 2\.minecraft
[12:02:03] [main/DEBUG] [FML/]: Discovering coremods
[12:02:03] [main/DEBUG] [FML/]: Examining for coremod candidacy ae2stuff-0.5.1.61-mc1.7.10.jar
[12:02:03] [main/DEBUG] [FML/]: Not found coremod data in ae2stuff-0.5.1.61-mc1.7.10.jar
[12:02:03] [main/DEBUG] [FML/]: Examining for coremod candidacy AOBD-2.9.2.jar
[12:02:03] [main/DEBUG] [FML/]: Not found coremod data in AOBD-2.9.2.jar
[12:02:03] [main/DEBUG] [FML/]: Examining for coremod candidacy appliedenergistics2-rv2-stable-10.jar
[12:02:03] [main/TRACE] [FML/]: Found FMLCorePluginContainsFMLMod marker in appliedenergistics2-rv2-stable-10.jar, it will be examined later for regular @Mod instances
[12:02:03] [main/DEBUG] [FML/]: Instantiating coremod class AppEngCore
[12:02:03] [main/DEBUG] [FML/]: The coremod appeng.transformer.AppEngCore requested minecraft version 1.7.10 and minecraft is 1.7.10. It will be loaded.
[12:02:03] [main/INFO] [FML/]: [AppEng] Core Init
[12:02:03] [main/DEBUG] [FML/]: Added access transformer class appeng.transformer.asm.ASMTweaker to enqueued access transformers
[12:02:03] [main/DEBUG] [FML/]: Enqueued coremod AppEngCore
[12:02:03] [main/DEBUG] [FML/]: Examining for coremod candidacy ArchimedesShips-1.7.1.jar
[12:02:03] [main/DEBUG] [FML/]: Not found coremod data in ArchimedesShips-1.7.1.jar
[12:02:03] [main/DEBUG] [FML/]: Examining for coremod candidacy Aroma1997Core-1.7.10-1.0.2.16.jar
[12:02:03] [main/TRACE] [FML/]: Found FMLCorePluginContainsFMLMod marker in Aroma1997Core-1.7.10-1.0.2.16.jar, it will be examined later for regular @Mod instances
[12:02:03] [main/DEBUG] [FML/]: Instantiating coremod class CoreMod
[12:02:03] [main/WARN] [FML/]: The coremod aroma1997.core.coremod.CoreMod does not have a MCVersion annotation, it may cause issues with this version of Minecraft
[12:02:03] [main/DEBUG] [FML/]: Added access transformer class aroma1997.core.coremod.asm.AromaAccessTransformer to enqueued access transformers
[12:02:03] [main/DEBUG] [FML/]: Enqueued coremod CoreMod
[12:02:03] [main/DEBUG] [FML/]: Examining for coremod candidacy Aroma1997s-Dimensional-World-1.7.10-1.1.0.1.jar
[12:02:03] [main/DEBUG] [FML/]: Not found coremod data in Aroma1997s-Dimensional-World-1.7.10-1.1.0.1.jar
[12:02:03] [main/DEBUG] [FML/]: Examining for coremod candidacy AromaBackup-1.7.10-0.1.0.0.jar
[12:02:03] [main/DEBUG] [FML/]: Not found coremod data in AromaBackup-1.7.10-0.1.0.0.jar
[12:02:03] [main/DEBUG] [FML/]: Examining for coremod candidacy backpack-2.0.1-1.7.x.jar
[12:02:03] [main/DEBUG] [FML/]: Not found coremod data in backpack-2.0.1-1.7.x.jar
[12:02:03] [main/DEBUG] [FML/]: Examining for coremod candidacy Baubles-1.7.10-1.0.1.10.jar
[12:02:03] [main/DEBUG] [FML/]: Not found coremod data in Baubles-1.7.10-1.0.1.10.jar
[12:02:03] [main/DEBUG] [FML/]: Examining for coremod candidacy bdlib-1.9.4.109-mc1.7.10.jar
[12:02:03] [main/DEBUG] [FML/]: Not found coremod data in bdlib-1.9.4.109-mc1.7.10.jar
[12:02:03] [main/DEBUG] [FML/]: Examining for coremod candidacy BetterBuildersWands-0.8.1-1.7.10r92+aec06c3.jar
[12:02:03] [main/DEBUG] [FML/]: Not found coremod data in BetterBuildersWands-0.8.1-1.7.10r92+aec06c3.jar
[12:02:03] [main/DEBUG] [FML/]: Examining for coremod candidacy BetterFps-1.0.1.jar
[12:02:03] [main/INFO] [FML/]: Loading tweaker me.guichaguri.betterfps.tweaker.BetterFpsTweaker from BetterFps-1.0.1.jar
[12:02:03] [main/DEBUG] [FML/]: Examining for coremod candidacy BetterLoadingScreen-1.3.10.jar
[12:02:03] [main/TRACE] [FML/]: Found FMLCorePluginContainsFMLMod marker in BetterLoadingScreen-1.3.10.jar, it will be examined later for regular @Mod instances
[12:02:03] [main/DEBUG] [FML/]: Instantiating coremod class LoadingScreenLoadPlugin
[12:02:03] [main/DEBUG] [FML/]: The coremod alexiil.mods.load.coremod.LoadingScreenLoadPlugin requested minecraft version 1.7.10 and minecraft is 1.7.10. It will be loaded.
[12:02:03] [main/DEBUG] [FML/]: Enqueued coremod LoadingScreenLoadPlugin
[12:02:03] [main/DEBUG] [FML/]: Examining for coremod candidacy BiblioCraft[v1.11.7][MC1.7.10].jar
[12:02:03] [main/DEBUG] [FML/]: Not found coremod data in BiblioCraft[v1.11.7][MC1.7.10].jar
[12:02:03] [main/DEBUG] [FML/]: Examining for coremod candidacy BiblioWoods[BiomesOPlenty][v1.9].jar
[12:02:03] [main/DEBUG] [FML/]: Not found coremod data in BiblioWoods[BiomesOPlenty][v1.9].jar
[12:02:03] [main/DEBUG] [FML/]: Examining for coremod candidacy BigReactors-0.4.3A.jar
[12:02:03] [main/DEBUG] [FML/]: Not found coremod data in BigReactors-0.4.3A.jar
[12:02:03] [main/DEBUG] [FML/]: Examining for coremod candidacy BiomesOPlenty-1.7.10-2.1.0.1889-universal.jar
[12:02:03] [main/DEBUG] [FML/]: Not found coremod data in BiomesOPlenty-1.7.10-2.1.0.1889-universal.jar
[12:02:03] [main/DEBUG] [FML/]: Examining for coremod candidacy Botania r1.8-249.jar
[12:02:03] [main/DEBUG] [FML/]: Not found coremod data in Botania r1.8-249.jar
[12:02:03] [main/DEBUG] [FML/]: Examining for coremod candidacy BrandonsCore-1.0.0.12.jar
[12:02:03] [main/TRACE] [FML/]: Found FMLCorePluginContainsFMLMod marker in BrandonsCore-1.0.0.12.jar, it will be examined later for regular @Mod instances
[12:02:03] [main/DEBUG] [FML/]: Instantiating coremod class LoadingPlugin
[12:02:03] [main/TRACE] [FML/]: coremod named Brandon's Core is loading
[12:02:03] [main/DEBUG] [FML/]: The coremod com.brandon3055.brandonscore.asm.LoadingPlugin requested minecraft version 1.7.10 and minecraft is 1.7.10. It will be loaded.
[12:02:03] [main/DEBUG] [FML/]: Enqueued coremod Brandon's Core
[12:02:03] [main/DEBUG] [FML/]: Examining for coremod candidacy buildcraft-7.1.23.jar
[12:02:03] [main/DEBUG] [FML/]: Not found coremod data in buildcraft-7.1.23.jar
[12:02:03] [main/DEBUG] [FML/]: Examining for coremod candidacy Carpenter's Blocks v3.3.8.1 - MC 1.7.10.jar
[12:02:03] [main/DEBUG] [FML/]: Not found coremod data in Carpenter's Blocks v3.3.8.1 - MC 1.7.10.jar
[12:02:03] [main/DEBUG] [FML/]: Examining for coremod candidacy ChickenChunks-1.7.10-1.3.4.19-universal.jar
[12:02:03] [main/DEBUG] [FML/]: Not found coremod data in ChickenChunks-1.7.10-1.3.4.19-universal.jar
[12:02:03] [main/DEBUG] [FML/]: Examining for coremod candidacy Chisel-2.9.5.11.jar
[12:02:03] [main/DEBUG] [FML/]: Not found coremod data in Chisel-2.9.5.11.jar
[12:02:03] [main/DEBUG] [FML/]: Examining for coremod candidacy CodeChickenCore-1.7.10-1.0.7.47-universal.jar
[12:02:03] [main/TRACE] [FML/]: Adding CodeChickenCore-1.7.10-1.0.7.47-universal.jar to the list of known coremods, it will not be examined again
[12:02:03] [main/DEBUG] [FML/]: Instantiating coremod class CodeChickenCorePlugin
[12:02:03] [main/WARN] [FML/]: The coremod codechicken.core.launch.CodeChickenCorePlugin does not have a MCVersion annotation, it may cause issues with this version of Minecraft
[12:02:03] [main/DEBUG] [FML/]: Added access transformer class codechicken.core.asm.CodeChickenAccessTransformer to enqueued access transformers
[12:02:03] [main/DEBUG] [FML/]: Enqueued coremod CodeChickenCorePlugin
[12:02:03] [main/DEBUG] [FML/]: Examining for coremod candidacy CodeChickenLib-1.7.10-1.1.3.138-universal.jar
[12:02:03] [main/DEBUG] [FML/]: Not found coremod data in CodeChickenLib-1.7.10-1.1.3.138-universal.jar
[12:02:03] [main/DEBUG] [FML/]: Examining for coremod candidacy CoFHCore-[1.7.10]3.1.4-329.jar
[12:02:03] [main/TRACE] [FML/]: Found FMLCorePluginContainsFMLMod marker in CoFHCore-[1.7.10]3.1.4-329.jar, it will be examined later for regular @Mod instances
[12:02:03] [main/DEBUG] [FML/]: Instantiating coremod class LoadingPlugin
[12:02:03] [main/WARN] [FML/]: The coremod cofh.asm.LoadingPlugin does not have a MCVersion annotation, it may cause issues with this version of Minecraft
[12:02:03] [main/DEBUG] [FML/]: Added access transformer class cofh.asm.CoFHAccessTransformer to enqueued access transformers
[12:02:03] [main/DEBUG] [FML/]: Enqueued coremod LoadingPlugin
[12:02:03] [main/DEBUG] [FML/]: Examining for coremod candidacy CompactSolars-1.7.10-4.4.39.315-universal.jar
[12:02:03] [main/DEBUG] [FML/]: Not found coremod data in CompactSolars-1.7.10-4.4.39.315-universal.jar
[12:02:03] [main/DEBUG] [FML/]: Examining for coremod candidacy ControlCraft.jar
[12:02:03] [main/DEBUG] [FML/]: Not found coremod data in ControlCraft.jar
[12:02:03] [main/DEBUG] [FML/]: Examining for coremod candidacy craftingtweaks-mc1.7.10-1.0.88.jar
[12:02:03] [main/TRACE] [FML/]: Found FMLCorePluginContainsFMLMod marker in craftingtweaks-mc1.7.10-1.0.88.jar, it will be examined later for regular @Mod instances
[12:02:03] [main/DEBUG] [FML/]: Instantiating coremod class CraftingTweaksLoadingPlugin
[12:02:03] [main/TRACE] [FML/]: coremod named CraftingTweaks is loading
[12:02:03] [main/DEBUG] [FML/]: The coremod net.blay09.mods.craftingtweaks.coremod.CraftingTweaksLoadingPlugin requested minecraft version 1.7.10 and minecraft is 1.7.10. It will be loaded.
[12:02:03] [main/DEBUG] [FML/]: Enqueued coremod CraftingTweaks
[12:02:03] [main/DEBUG] [FML/]: Examining for coremod candidacy CustomMainMenu-MC1.7.10-1.9.2.jar
[12:02:03] [main/DEBUG] [FML/]: Not found coremod data in CustomMainMenu-MC1.7.10-1.9.2.jar
[12:02:03] [main/DEBUG] [FML/]: Examining for coremod candidacy Decocraft-2.4.2_1.7.10.jar
[12:02:03] [main/DEBUG] [FML/]: Not found coremod data in Decocraft-2.4.2_1.7.10.jar
[12:02:03] [main/DEBUG] [FML/]: Examining for coremod candidacy Draconic-Evolution-1.7.10-1.0.2h.jar
[12:02:03] [main/DEBUG] [FML/]: Not found coremod data in Draconic-Evolution-1.7.10-1.0.2h.jar
[12:02:03] [main/DEBUG] [FML/]: Examining for coremod candidacy EnderCompass-1.7.10-1.2.jar
[12:02:03] [main/DEBUG] [FML/]: Not found coremod data in EnderCompass-1.7.10-1.2.jar
[12:02:03] [main/DEBUG] [FML/]: Examining for coremod candidacy EnderCore-1.7.10-0.2.0.39_beta.jar
[12:02:03] [main/TRACE] [FML/]: Found FMLCorePluginContainsFMLMod marker in EnderCore-1.7.10-0.2.0.39_beta.jar, it will be examined later for regular @Mod instances
[12:02:03] [main/DEBUG] [FML/]: Instantiating coremod class EnderCorePlugin
[12:02:03] [main/DEBUG] [FML/]: The coremod com.enderio.core.common.transform.EnderCorePlugin requested minecraft version 1.7.10 and minecraft is 1.7.10. It will be loaded.
[12:02:03] [main/DEBUG] [FML/]: Enqueued coremod EnderCorePlugin
[12:02:03] [main/DEBUG] [FML/]: Examining for coremod candidacy EnderIO-1.7.10-2.3.0.429_beta.jar
[12:02:03] [main/DEBUG] [FML/]: Not found coremod data in EnderIO-1.7.10-2.3.0.429_beta.jar
[12:02:03] [main/DEBUG] [FML/]: Examining for coremod candidacy EnderStorage-1.7.10-1.4.7.37-universal.jar
[12:02:03] [main/DEBUG] [FML/]: Not found coremod data in EnderStorage-1.7.10-1.4.7.37-universal.jar
[12:02:03] [main/DEBUG] [FML/]: Examining for coremod candidacy extrautilities-1.2.12.jar
[12:02:03] [main/DEBUG] [FML/]: Not found coremod data in extrautilities-1.2.12.jar
[12:02:03] [main/DEBUG] [FML/]: Examining for coremod candidacy forestry_1.7.10-4.2.16.64.jar
[12:02:03] [main/INFO] [FML/]: Loading tweaker forestry.shade.javacheck.Java7Checker from forestry_1.7.10-4.2.16.64.jar
[12:02:03] [main/DEBUG] [FML/]: Examining for coremod candidacy ForgeMultipart-1.7.10-1.2.0.345-universal.jar
[12:02:03] [main/TRACE] [FML/]: Found FMLCorePluginContainsFMLMod marker in ForgeMultipart-1.7.10-1.2.0.345-universal.jar, it will be examined later for regular @Mod instances
[12:02:03] [main/DEBUG] [FML/]: Instantiating coremod class DepLoader
[12:02:03] [main/WARN] [FML/]: The coremod codechicken.core.launch.DepLoader does not have a MCVersion annotation, it may cause issues with this version of Minecraft
[12:02:03] [main/DEBUG] [FML/]: Enqueued coremod DepLoader
[12:02:03] [main/DEBUG] [FML/]: Examining for coremod candidacy ForgeRelocation-0.0.1.4-universal.jar
[12:02:03] [main/TRACE] [FML/]: Found FMLCorePluginContainsFMLMod marker in ForgeRelocation-0.0.1.4-universal.jar, it will be examined later for regular @Mod instances
[12:02:03] [main/DEBUG] [FML/]: Instantiating coremod class RelocationPlugin
[12:02:03] [main/WARN] [FML/]: The coremod mrtjp.relocation.asm.RelocationPlugin does not have a MCVersion annotation, it may cause issues with this version of Minecraft
[12:02:03] [main/DEBUG] [FML/]: Enqueued coremod RelocationPlugin
[12:02:03] [main/DEBUG] [FML/]: Examining for coremod candidacy ForgeRelocationFMP-0.0.1.2-universal.jar
[12:02:03] [main/DEBUG] [FML/]: Not found coremod data in ForgeRelocationFMP-0.0.1.2-universal.jar
[12:02:03] [main/DEBUG] [FML/]: Examining for coremod candidacy futurecraft-1.0.jar
[12:02:03] [main/DEBUG] [FML/]: Not found coremod data in futurecraft-1.0.jar
[12:02:03] [main/DEBUG] [FML/]: Examining for coremod candidacy Galacticraft-Planets-1.7-3.0.12.504.jar
[12:02:03] [main/DEBUG] [FML/]: Not found coremod data in Galacticraft-Planets-1.7-3.0.12.504.jar
[12:02:03] [main/DEBUG] [FML/]: Examining for coremod candidacy GalacticraftCore-1.7-3.0.12.504.jar
[12:02:03] [main/DEBUG] [FML/]: Not found coremod data in GalacticraftCore-1.7-3.0.12.504.jar
[12:02:03] [main/DEBUG] [FML/]: Examining for coremod candidacy GraveStone Mod 0.7.10.3.jar
[12:02:03] [main/DEBUG] [FML/]: Not found coremod data in GraveStone Mod 0.7.10.3.jar
[12:02:03] [main/DEBUG] [FML/]: Examining for coremod candidacy GravityGun-4.0.0-beta.jar
[12:02:03] [main/DEBUG] [FML/]: Not found coremod data in GravityGun-4.0.0-beta.jar
[12:02:03] [main/DEBUG] [FML/]: Examining for coremod candidacy Hats-4.0.1.jar
[12:02:03] [main/DEBUG] [FML/]: Not found coremod data in Hats-4.0.1.jar
[12:02:03] [main/DEBUG] [FML/]: Examining for coremod candidacy iChunUtil-4.2.3.jar
[12:02:03] [main/DEBUG] [FML/]: Not found coremod data in iChunUtil-4.2.3.jar
[12:02:03] [main/DEBUG] [FML/]: Examining for coremod candidacy IGW-Mod-1.7.10-1.1.12-34-universal.jar
[12:02:03] [main/DEBUG] [FML/]: Not found coremod data in IGW-Mod-1.7.10-1.1.12-34-universal.jar
[12:02:03] [main/DEBUG] [FML/]: Examining for coremod candidacy ImmersiveEngineering-0.7.7.jar
[12:02:03] [main/DEBUG] [FML/]: Not found coremod data in ImmersiveEngineering-0.7.7.jar
[12:02:03] [main/DEBUG] [FML/]: Examining for coremod candidacy industrialcraft-2-2.2.827-experimental.jar
[12:02:03] [main/TRACE] [FML/]: Found FMLCorePluginContainsFMLMod marker in industrialcraft-2-2.2.827-experimental.jar, it will be examined later for regular @Mod instances
[12:02:03] [main/DEBUG] [FML/]: Instantiating coremod class IC2core
[12:02:03] [main/WARN] [FML/]: The coremod ic2.core.coremod.IC2core does not have a MCVersion annotation, it may cause issues with this version of Minecraft
[12:02:03] [main/DEBUG] [FML/]: Enqueued coremod IC2core
[12:02:03] [main/DEBUG] [FML/]: Examining for coremod candidacy InventoryTweaks-1.59-dev-152.jar
[12:02:03] [main/TRACE] [FML/]: Found FMLCorePluginContainsFMLMod marker in InventoryTweaks-1.59-dev-152.jar, it will be examined later for regular @Mod instances
[12:02:03] [main/DEBUG] [FML/]: Instantiating coremod class FMLPlugin
[12:02:03] [main/WARN] [FML/]: The coremod invtweaks.forge.asm.FMLPlugin does not have a MCVersion annotation, it may cause issues with this version of Minecraft
[12:02:03] [main/DEBUG] [FML/]: Added access transformer class invtweaks.forge.asm.ITAccessTransformer to enqueued access transformers
[12:02:03] [main/DEBUG] [FML/]: Enqueued coremod FMLPlugin
[12:02:03] [main/DEBUG] [FML/]: Examining for coremod candidacy ironchest-1.7.10-6.0.62.742-universal.jar
[12:02:03] [main/DEBUG] [FML/]: Not found coremod data in ironchest-1.7.10-6.0.62.742-universal.jar
[12:02:03] [main/DEBUG] [FML/]: Examining for coremod candidacy Jabba-1.2.2_1.7.10.jar
[12:02:03] [main/DEBUG] [FML/]: Not found coremod data in Jabba-1.2.2_1.7.10.jar
[12:02:03] [main/DEBUG] [FML/]: Examining for coremod candidacy journeymap-1.7.10-5.1.4p2-unlimited.jar
[12:02:04] [main/DEBUG] [FML/]: Not found coremod data in journeymap-1.7.10-5.1.4p2-unlimited.jar
[12:02:04] [main/DEBUG] [FML/]: Examining for coremod candidacy magicalcrops-1.7.10_0.1.jar
[12:02:04] [main/DEBUG] [FML/]: Not found coremod data in magicalcrops-1.7.10_0.1.jar
[12:02:04] [main/DEBUG] [FML/]: Examining for coremod candidacy magicalcropsarmoury-4.0.0_PUBLIC_BETA_4.jar
[12:02:04] [main/DEBUG] [FML/]: Not found coremod data in magicalcropsarmoury-4.0.0_PUBLIC_BETA_4.jar
[12:02:04] [main/DEBUG] [FML/]: Examining for coremod candidacy magicalcropsdeco-4.0.0_PUBLIC_BETA_4a.jar
[12:02:04] [main/DEBUG] [FML/]: Not found coremod data in magicalcropsdeco-4.0.0_PUBLIC_BETA_4a.jar
[12:02:04] [main/DEBUG] [FML/]: Examining for coremod candidacy malisiscore-1.7.10-0.14.3.jar
[12:02:04] [main/TRACE] [FML/]: Found FMLCorePluginContainsFMLMod marker in malisiscore-1.7.10-0.14.3.jar, it will be examined later for regular @Mod instances
[12:02:04] [main/DEBUG] [FML/]: Instantiating coremod class MalisisCorePlugin
[12:02:04] [main/WARN] [FML/]: The coremod net.malisis.core.asm.MalisisCorePlugin does not have a MCVersion annotation, it may cause issues with this version of Minecraft
[12:02:04] [main/DEBUG] [FML/]: Added access transformer class net.malisis.core.asm.MalisisCoreAccessTransformer to enqueued access transformers
[12:02:04] [main/DEBUG] [FML/]: Enqueued coremod MalisisCorePlugin
[12:02:04] [main/DEBUG] [FML/]: Examining for coremod candidacy malisisdoors-1.7.10-1.13.2.jar
[12:02:04] [main/DEBUG] [FML/]: Not found coremod data in malisisdoors-1.7.10-1.13.2.jar
[12:02:04] [main/DEBUG] [FML/]: Examining for coremod candidacy Mantle-1.7.10-0.3.2b.jar
[12:02:04] [main/DEBUG] [FML/]: Not found coremod data in Mantle-1.7.10-0.3.2b.jar
[12:02:04] [main/DEBUG] [FML/]: Examining for coremod candidacy mcjtylib-1.8.1.jar
[12:02:04] [main/DEBUG] [FML/]: Not found coremod data in mcjtylib-1.8.1.jar
[12:02:04] [main/DEBUG] [FML/]: Examining for coremod candidacy Mekanism-1.7.10-9.1.1.1031.jar
[12:02:04] [main/TRACE] [FML/]: Found FMLCorePluginContainsFMLMod marker in Mekanism-1.7.10-9.1.1.1031.jar, it will be examined later for regular @Mod instances
[12:02:04] [main/DEBUG] [FML/]: Instantiating coremod class LoadingHook
[12:02:04] [main/WARN] [FML/]: The coremod mekanism.common.asm.LoadingHook does not have a MCVersion annotation, it may cause issues with this version of Minecraft
[12:02:04] [main/DEBUG] [FML/]: Enqueued coremod LoadingHook
[12:02:04] [main/DEBUG] [FML/]: Examining for coremod candidacy MekanismGenerators-1.7.10-9.1.1.1031.jar
[12:02:04] [main/DEBUG] [FML/]: Not found coremod data in MekanismGenerators-1.7.10-9.1.1.1031.jar
[12:02:04] [main/DEBUG] [FML/]: Examining for coremod candidacy MekanismTools-1.7.10-9.1.1.1031.jar
[12:02:04] [main/DEBUG] [FML/]: Not found coremod data in MekanismTools-1.7.10-9.1.1.1031.jar
[12:02:04] [main/DEBUG] [FML/]: Examining for coremod candidacy MFR Compat - Magical Crops v1-2-4.jar
[12:02:04] [main/DEBUG] [FML/]: Not found coremod data in MFR Compat - Magical Crops v1-2-4.jar
[12:02:04] [main/DEBUG] [FML/]: Examining for coremod candidacy MicdoodleCore-1.7-3.0.12.504.jar
[12:02:04] [main/TRACE] [FML/]: Adding MicdoodleCore-1.7-3.0.12.504.jar to the list of known coremods, it will not be examined again
[12:02:04] [main/DEBUG] [FML/]: Instantiating coremod class MicdoodlePlugin
[12:02:04] [main/WARN] [FML/]: The coremod micdoodle8.mods.miccore.MicdoodlePlugin does not have a MCVersion annotation, it may cause issues with this version of Minecraft
[12:02:04] [main/INFO] [STDOUT/]: [micdoodle8.mods.miccore.DepLoader$DepLoadInst:<init>:333]: MicdoodleCore searching for dependencies in mods file: D:\Hopík\Dokumenty D\MultiMC\instances\FutureCraft 2\.minecraft\mods
[12:02:04] [main/DEBUG] [FML/]: Added access transformer class micdoodle8.mods.miccore.MicdoodleAccessTransformer to enqueued access transformers
[12:02:04] [main/DEBUG] [FML/]: Enqueued coremod MicdoodlePlugin
[12:02:04] [main/DEBUG] [FML/]: Examining for coremod candidacy MineFactoryReloaded-[1.7.10]2.8.1-174.jar
[12:02:04] [main/DEBUG] [FML/]: Not found coremod data in MineFactoryReloaded-[1.7.10]2.8.1-174.jar
[12:02:04] [main/DEBUG] [FML/]: Examining for coremod candidacy MineTweaker3-1.7.10-3.0.10B.jar
[12:02:04] [main/DEBUG] [FML/]: Not found coremod data in MineTweaker3-1.7.10-3.0.10B.jar
[12:02:04] [main/DEBUG] [FML/]: Examining for coremod candidacy ModTweaker2-0.9.6.jar
[12:02:04] [main/DEBUG] [FML/]: Not found coremod data in ModTweaker2-0.9.6.jar
[12:02:04] [main/DEBUG] [FML/]: Examining for coremod candidacy ModularPowersuits-1.7.10-0.11.1.117.jar
[12:02:04] [main/DEBUG] [FML/]: Not found coremod data in ModularPowersuits-1.7.10-0.11.1.117.jar
[12:02:04] [main/DEBUG] [FML/]: Examining for coremod candidacy Morph-Beta-0.9.3.jar
[12:02:04] [main/DEBUG] [FML/]: Not found coremod data in Morph-Beta-0.9.3.jar
[12:02:04] [main/DEBUG] [FML/]: Examining for coremod candidacy Morpheus-1.7.10-1.6.21.jar
[12:02:04] [main/DEBUG] [FML/]: Not found coremod data in Morpheus-1.7.10-1.6.21.jar
[12:02:04] [main/DEBUG] [FML/]: Examining for coremod candidacy MrTJPCore-1.1.0.33-universal.jar
[12:02:04] [main/TRACE] [FML/]: Found FMLCorePluginContainsFMLMod marker in MrTJPCore-1.1.0.33-universal.jar, it will be examined later for regular @Mod instances
[12:02:04] [main/DEBUG] [FML/]: Instantiating coremod class CorePlugin
[12:02:04] [main/WARN] [FML/]: The coremod mrtjp.core.handler.CorePlugin does not have a MCVersion annotation, it may cause issues with this version of Minecraft
[12:02:04] [main/DEBUG] [FML/]: Enqueued coremod CorePlugin
[12:02:04] [main/DEBUG] [FML/]: Examining for coremod candidacy NotEnoughItems-1.7.10-1.0.5.120-universal.jar
[12:02:04] [main/TRACE] [FML/]: Adding NotEnoughItems-1.7.10-1.0.5.120-universal.jar to the list of known coremods, it will not be examined again
[12:02:04] [main/DEBUG] [FML/]: Instantiating coremod class NEICorePlugin
[12:02:04] [main/WARN] [FML/]: The coremod codechicken.nei.asm.NEICorePlugin does not have a MCVersion annotation, it may cause issues with this version of Minecraft
[12:02:04] [main/DEBUG] [FML/]: Enqueued coremod NEICorePlugin
[12:02:04] [main/DEBUG] [FML/]: Examining for coremod candidacy Numina-0.4.1.106.jar
[12:02:04] [main/DEBUG] [FML/]: Not found coremod data in Numina-0.4.1.106.jar
[12:02:04] [main/DEBUG] [FML/]: Examining for coremod candidacy OpenBlocks-1.7.10-1.6.jar
[12:02:04] [main/TRACE] [FML/]: Found FMLCorePluginContainsFMLMod marker in OpenBlocks-1.7.10-1.6.jar, it will be examined later for regular @Mod instances
[12:02:04] [main/DEBUG] [FML/]: Instantiating coremod class OpenBlocksCorePlugin
[12:02:04] [main/WARN] [FML/]: The coremod openblocks.OpenBlocksCorePlugin does not have a MCVersion annotation, it may cause issues with this version of Minecraft
[12:02:04] [main/DEBUG] [FML/]: Enqueued coremod OpenBlocksCorePlugin
[12:02:04] [main/DEBUG] [FML/]: Examining for coremod candidacy OpenModsLib-1.7.10-0.10.jar
[12:02:04] [main/TRACE] [FML/]: Found FMLCorePluginContainsFMLMod marker in OpenModsLib-1.7.10-0.10.jar, it will be examined later for regular @Mod instances
[12:02:04] [main/DEBUG] [FML/]: Instantiating coremod class OpenModsCorePlugin
[12:02:04] [main/WARN] [FML/]: The coremod openmods.core.OpenModsCorePlugin does not have a MCVersion annotation, it may cause issues with this version of Minecraft
[12:02:04] [main/DEBUG] [OpenMods/]: openmods.core.OpenModsCorePlugin.<init>(OpenModsCorePlugin.java:18): <OpenModsLib 0.10>\o
[12:02:04] [main/DEBUG] [FML/]: Enqueued coremod OpenModsCorePlugin
[12:02:04] [main/DEBUG] [FML/]: Examining for coremod candidacy p455w0rdslib-1.7.10-1.0.4.jar
[12:02:04] [main/DEBUG] [FML/]: Not found coremod data in p455w0rdslib-1.7.10-1.0.4.jar
[12:02:04] [main/DEBUG] [FML/]: Examining for coremod candidacy Pam's HarvestCraft 1.7.10Lb.jar
[12:02:04] [main/DEBUG] [FML/]: Not found coremod data in Pam's HarvestCraft 1.7.10Lb.jar
[12:02:04] [main/DEBUG] [FML/]: Examining for coremod candidacy PortalGun-4.0.0-beta-6-fix-1.jar
[12:02:04] [main/DEBUG] [FML/]: Not found coremod data in PortalGun-4.0.0-beta-6-fix-1.jar
[12:02:04] [main/DEBUG] [FML/]: Examining for coremod candidacy ProjectRed-1.7.10-4.7.0pre12.95-Base.jar
[12:02:04] [main/TRACE] [FML/]: Found FMLCorePluginContainsFMLMod marker in ProjectRed-1.7.10-4.7.0pre12.95-Base.jar, it will be examined later for regular @Mod instances
[12:02:04] [main/DEBUG] [FML/]: Instantiating coremod class DepLoader
[12:02:04] [main/WARN] [FML/]: The coremod codechicken.core.launch.DepLoader does not have a MCVersion annotation, it may cause issues with this version of Minecraft
[12:02:04] [main/DEBUG] [FML/]: Enqueued coremod DepLoader
[12:02:04] [main/DEBUG] [FML/]: Examining for coremod candidacy ProjectRed-1.7.10-4.7.0pre12.95-Integration.jar
[12:02:04] [main/DEBUG] [FML/]: Not found coremod data in ProjectRed-1.7.10-4.7.0pre12.95-Integration.jar
[12:02:04] [main/DEBUG] [FML/]: Examining for coremod candidacy ProjectRed-1.7.10-4.7.0pre12.95-Lighting.jar
[12:02:04] [main/DEBUG] [FML/]: Not found coremod data in ProjectRed-1.7.10-4.7.0pre12.95-Lighting.jar
[12:02:04] [main/DEBUG] [FML/]: Examining for coremod candidacy ProjectRed-1.7.10-4.7.0pre12.95-Mechanical.jar
[12:02:04] [main/DEBUG] [FML/]: Not found coremod data in ProjectRed-1.7.10-4.7.0pre12.95-Mechanical.jar
[12:02:04] [main/DEBUG] [FML/]: Examining for coremod candidacy QuantumFlux-1.7.10-1.3.4.jar
[12:02:04] [main/DEBUG] [FML/]: Not found coremod data in QuantumFlux-1.7.10-1.3.4.jar
[12:02:04] [main/DEBUG] [FML/]: Examining for coremod candidacy QuarryPlus-Mod-1.7.10.jar
[12:02:04] [main/DEBUG] [FML/]: Not found coremod data in QuarryPlus-Mod-1.7.10.jar
[12:02:04] [main/DEBUG] [FML/]: Examining for coremod candidacy RandomThings-2.2.3.jar
[12:02:04] [main/TRACE] [FML/]: Found FMLCorePluginContainsFMLMod marker in RandomThings-2.2.3.jar, it will be examined later for regular @Mod instances
[12:02:04] [main/DEBUG] [FML/]: Instantiating coremod class RTLoadingPlugin
[12:02:04] [main/WARN] [FML/]: The coremod lumien.randomthings.Transformer.RTLoadingPlugin does not have a MCVersion annotation, it may cause issues with this version of Minecraft
[12:02:04] [main/DEBUG] [FML/]: Enqueued coremod RTLoadingPlugin
[12:02:04] [main/DEBUG] [FML/]: Examining for coremod candidacy ResourceLoader-MC1.7.10-1.3.jar
[12:02:04] [main/TRACE] [FML/]: Found FMLCorePluginContainsFMLMod marker in ResourceLoader-MC1.7.10-1.3.jar, it will be examined later for regular @Mod instances
[12:02:04] [main/DEBUG] [FML/]: Instantiating coremod class LoadingPlugin
[12:02:04] [main/WARN] [FML/]: The coremod lumien.resourceloader.asm.LoadingPlugin does not have a MCVersion annotation, it may cause issues with this version of Minecraft
[12:02:04] [main/DEBUG] [FML/]: Enqueued coremod LoadingPlugin
[12:02:04] [main/DEBUG] [FML/]: Examining for coremod candidacy rftools-4.23.jar
[12:02:04] [main/DEBUG] [FML/]: Not found coremod data in rftools-4.23.jar
[12:02:04] [main/DEBUG] [FML/]: Examining for coremod candidacy roguelike-1.7.10-1.5.0b.jar
[12:02:04] [main/DEBUG] [FML/]: Not found coremod data in roguelike-1.7.10-1.5.0b.jar
[12:02:04] [main/DEBUG] [FML/]: Examining for coremod candidacy ShadersModCore-v2.3.31-mc1.7.10-f.jar
[12:02:04] [main/INFO] [FML/]: Loading tweaker shadersmodcore.loading.SMCTweaker from ShadersModCore-v2.3.31-mc1.7.10-f.jar
[12:02:04] [main/DEBUG] [FML/]: Examining for coremod candidacy SimplyJetpacks-MC1.7.10-1.5.3.jar
[12:02:04] [main/DEBUG] [FML/]: Not found coremod data in SimplyJetpacks-MC1.7.10-1.5.3.jar
[12:02:04] [main/DEBUG] [FML/]: Examining for coremod candidacy SolarFlux-1.7.10-0.8b.jar
[12:02:04] [main/DEBUG] [FML/]: Not found coremod data in SolarFlux-1.7.10-0.8b.jar
[12:02:04] [main/DEBUG] [FML/]: Examining for coremod candidacy StevesFactoryManagerA93.jar
[12:02:04] [main/DEBUG] [FML/]: Not found coremod data in StevesFactoryManagerA93.jar
[12:02:04] [main/DEBUG] [FML/]: Examining for coremod candidacy StorageDrawers-1.7.10-1.10.9.jar
[12:02:04] [main/DEBUG] [FML/]: Not found coremod data in StorageDrawers-1.7.10-1.10.9.jar
[12:02:04] [main/DEBUG] [FML/]: Examining for coremod candidacy StorageDrawers-BiomesOPlenty-1.7.10-1.1.1.jar
[12:02:04] [main/DEBUG] [FML/]: Not found coremod data in StorageDrawers-BiomesOPlenty-1.7.10-1.1.1.jar
[12:02:04] [main/DEBUG] [FML/]: Examining for coremod candidacy TConstruct-1.7.10-1.8.8.jar
[12:02:04] [main/DEBUG] [FML/]: Not found coremod data in TConstruct-1.7.10-1.8.8.jar
[12:02:04] [main/DEBUG] [FML/]: Examining for coremod candidacy ThermalDynamics-[1.7.10]1.2.1-172.jar
[12:02:04] [main/DEBUG] [FML/]: Not found coremod data in ThermalDynamics-[1.7.10]1.2.1-172.jar
[12:02:04] [main/DEBUG] [FML/]: Examining for coremod candidacy ThermalExpansion-[1.7.10]4.1.5-248.jar
[12:02:04] [main/DEBUG] [FML/]: Not found coremod data in ThermalExpansion-[1.7.10]4.1.5-248.jar
[12:02:04] [main/DEBUG] [FML/]: Examining for coremod candidacy ThermalFoundation-[1.7.10]1.2.6-118.jar
[12:02:04] [main/DEBUG] [FML/]: Not found coremod data in ThermalFoundation-[1.7.10]1.2.6-118.jar
[12:02:04] [main/DEBUG] [FML/]: Examining for coremod candidacy Torched-4.0.0.jar
[12:02:04] [main/DEBUG] [FML/]: Not found coremod data in Torched-4.0.0.jar
[12:02:04] [main/DEBUG] [FML/]: Examining for coremod candidacy Traincraft-4.4.1_020.jar
[12:02:04] [main/DEBUG] [FML/]: Not found coremod data in Traincraft-4.4.1_020.jar
[12:02:04] [main/DEBUG] [FML/]: Examining for coremod candidacy VeinMiner-1.7.10-0.36.0.496+28a7f13.jar
[12:02:04] [main/DEBUG] [FML/]: Not found coremod data in VeinMiner-1.7.10-0.36.0.496+28a7f13.jar
[12:02:04] [main/DEBUG] [FML/]: Examining for coremod candidacy Waila-1.5.10_1.7.10.jar
[12:02:04] [main/DEBUG] [FML/]: Not found coremod data in Waila-1.5.10_1.7.10.jar
[12:02:04] [main/DEBUG] [FML/]: Examining for coremod candidacy WailaHarvestability-mc1.7.10-1.1.6.jar
[12:02:04] [main/DEBUG] [FML/]: Not found coremod data in WailaHarvestability-mc1.7.10-1.1.6.jar
[12:02:04] [main/DEBUG] [FML/]: Examining for coremod candidacy WirelessCraftingTerminal-1.7.10-rv2-1.8.7b.jar
[12:02:04] [main/DEBUG] [FML/]: Not found coremod data in WirelessCraftingTerminal-1.7.10-rv2-1.8.7b.jar
[12:02:04] [main/INFO] [LaunchWrapper/]: Loading tweak class name cpw.mods.fml.common.launcher.FMLInjectionAndSortingTweaker
[12:02:04] [main/INFO] [LaunchWrapper/]: Loading tweak class name me.guichaguri.betterfps.tweaker.BetterFpsTweaker
[12:02:04] [main/INFO] [LaunchWrapper/]: Loading tweak class name forestry.shade.javacheck.Java7Checker
[12:02:04] [main/INFO] [LaunchWrapper/]: Loading tweak class name shadersmodcore.loading.SMCTweaker
[12:02:04] [main/INFO] [LaunchWrapper/]: Loading tweak class name cpw.mods.fml.common.launcher.FMLDeobfTweaker
[12:02:04] [main/INFO] [LaunchWrapper/]: Calling tweak class cpw.mods.fml.common.launcher.FMLInjectionAndSortingTweaker
[12:02:04] [main/INFO] [LaunchWrapper/]: Calling tweak class cpw.mods.fml.common.launcher.FMLInjectionAndSortingTweaker
[12:02:04] [main/INFO] [LaunchWrapper/]: Calling tweak class cpw.mods.fml.relauncher.CoreModManager$FMLPluginWrapper
[12:02:04] [main/DEBUG] [FML/]: Injecting coremod FMLCorePlugin {cpw.mods.fml.relauncher.FMLCorePlugin} class transformers
[12:02:04] [main/TRACE] [FML/]: Registering transformer cpw.mods.fml.common.asm.transformers.MarkerTransformer
