[12:00:38] [main/DEBUG] [FML/]: Injecting tracing printstreams for STDOUT/STDERR.
[12:00:38] [main/INFO] [FML/]: Forge Mod Loader version 7.99.40.1614 for Minecraft 1.7.10 loading
[12:00:38] [main/INFO] [FML/]: Java is Java HotSpot(TM) 64-Bit Server VM, version 1.8.0_181, running on Windows 10:amd64:10.0, installed at C:\Program Files\Java\jre1.8.0_181
[12:00:38] [main/DEBUG] [FML/]: Java classpath at launch is D:/Hopík/Dokumenty D/MultiMC/jars/NewLaunch.jar;D:/Hopík/Dokumenty D/MultiMC/libraries/net/java/jinput/jinput/2.0.5/jinput-2.0.5.jar;D:/Hopík/Dokumenty D/MultiMC/libraries/net/java/jutils/jutils/1.0.0/jutils-1.0.0.jar;D:/Hopík/Dokumenty D/MultiMC/libraries/org/lwjgl/lwjgl/lwjgl/2.9.1/lwjgl-2.9.1.jar;D:/Hopík/Dokumenty D/MultiMC/libraries/org/lwjgl/lwjgl/lwjgl_util/2.9.1/lwjgl_util-2.9.1.jar;D:/Hopík/Dokumenty D/MultiMC/libraries/com/mojang/netty/1.6/netty-1.6.jar;D:/Hopík/Dokumenty D/MultiMC/libraries/com/mojang/realms/1.3.5/realms-1.3.5.jar;D:/Hopík/Dokumenty D/MultiMC/libraries/org/apache/commons/commons-compress/1.8.1/commons-compress-1.8.1.jar;D:/Hopík/Dokumenty D/MultiMC/libraries/org/apache/httpcomponents/httpclient/4.3.3/httpclient-4.3.3.jar;D:/Hopík/Dokumenty D/MultiMC/libraries/commons-logging/commons-logging/1.1.3/commons-logging-1.1.3.jar;D:/Hopík/Dokumenty D/MultiMC/libraries/org/apache/httpcomponents/httpcore/4.3.2/httpcore-4.3.2.jar;D:/Hopík/Dokumenty D/MultiMC/libraries/java3d/vecmath/1.3.1/vecmath-1.3.1.jar;D:/Hopík/Dokumenty D/MultiMC/libraries/net/sf/trove4j/trove4j/3.0.3/trove4j-3.0.3.jar;D:/Hopík/Dokumenty D/MultiMC/libraries/com/ibm/icu/icu4j-core-mojang/51.2/icu4j-core-mojang-51.2.jar;D:/Hopík/Dokumenty D/MultiMC/libraries/net/sf/jopt-simple/jopt-simple/4.5/jopt-simple-4.5.jar;D:/Hopík/Dokumenty D/MultiMC/libraries/com/paulscode/codecjorbis/20101023/codecjorbis-20101023.jar;D:/Hopík/Dokumenty D/MultiMC/libraries/com/paulscode/codecwav/20101023/codecwav-20101023.jar;D:/Hopík/Dokumenty D/MultiMC/libraries/com/paulscode/libraryjavasound/20101123/libraryjavasound-20101123.jar;D:/Hopík/Dokumenty D/MultiMC/libraries/com/paulscode/librarylwjglopenal/20100824/librarylwjglopenal-20100824.jar;D:/Hopík/Dokumenty D/MultiMC/libraries/com/paulscode/soundsystem/20120107/soundsystem-20120107.jar;D:/Hopík/Dokumenty D/MultiMC/libraries/io/netty/netty-all/4.0.10.Final/netty-all-4.0.10.Final.jar;D:/Hopík/Dokumenty D/MultiMC/libraries/com/google/guava/guava/17.0/guava-17.0.jar;D:/Hopík/Dokumenty D/MultiMC/libraries/org/apache/commons/commons-lang3/3.3.2/commons-lang3-3.3.2.jar;D:/Hopík/Dokumenty D/MultiMC/libraries/commons-io/commons-io/2.4/commons-io-2.4.jar;D:/Hopík/Dokumenty D/MultiMC/libraries/commons-codec/commons-codec/1.9/commons-codec-1.9.jar;D:/Hopík/Dokumenty D/MultiMC/libraries/com/google/code/gson/gson/2.2.4/gson-2.2.4.jar;D:/Hopík/Dokumenty D/MultiMC/libraries/com/mojang/authlib/1.5.21/authlib-1.5.21.jar;D:/Hopík/Dokumenty D/MultiMC/libraries/org/apache/logging/log4j/log4j-api/2.0-beta9/log4j-api-2.0-beta9.jar;D:/Hopík/Dokumenty D/MultiMC/libraries/org/apache/logging/log4j/log4j-core/2.0-beta9/log4j-core-2.0-beta9.jar;D:/Hopík/Dokumenty D/MultiMC/libraries/tv/twitch/twitch/5.16/twitch-5.16.jar;D:/Hopík/Dokumenty D/MultiMC/libraries/net/minecraftforge/forge/1.7.10-10.13.4.1614-1.7.10/forge-1.7.10-10.13.4.1614-1.7.10-universal.jar;D:/Hopík/Dokumenty D/MultiMC/libraries/net/minecraft/launchwrapper/1.12/launchwrapper-1.12.jar;D:/Hopík/Dokumenty D/MultiMC/libraries/org/ow2/asm/asm-all/5.0.3/asm-all-5.0.3.jar;D:/Hopík/Dokumenty D/MultiMC/libraries/com/typesafe/akka/akka-actor_2.11/2.3.3/akka-actor_2.11-2.3.3.jar;D:/Hopík/Dokumenty D/MultiMC/libraries/com/typesafe/config/1.2.1/config-1.2.1.jar;D:/Hopík/Dokumenty D/MultiMC/libraries/org/scala-lang/scala-actors-migration_2.11/1.1.0/scala-actors-migration_2.11-1.1.0.jar;D:/Hopík/Dokumenty D/MultiMC/libraries/org/scala-lang/scala-compiler/2.11.1/scala-compiler-2.11.1.jar;D:/Hopík/Dokumenty D/MultiMC/libraries/org/scala-lang/plugins/scala-continuations-library_2.11/1.0.2/scala-continuations-library_2.11-1.0.2.jar;D:/Hopík/Dokumenty D/MultiMC/libraries/org/scala-lang/plugins/scala-continuations-plugin_2.11.1/1.0.2/scala-continuations-plugin_2.11.1-1.0.2.jar;D:/Hopík/Dokumenty D/MultiMC/libraries/org/scala-lang/scala-library/2.11.1/scala-library-2.11.1.jar;D:/Hopík/Dokumenty D/MultiMC/libraries/org/scala-lang/scala-parser-combinators_2.11/1.0.1/scala-parser-combinators_2.11-1.0.1.jar;D:/Hopík/Dokumenty D/MultiMC/libraries/org/scala-lang/scala-reflect/2.11.1/scala-reflect-2.11.1.jar;D:/Hopík/Dokumenty D/MultiMC/libraries/org/scala-lang/scala-swing_2.11/1.0.1/scala-swing_2.11-1.0.1.jar;D:/Hopík/Dokumenty D/MultiMC/libraries/org/scala-lang/scala-xml_2.11/1.0.2/scala-xml_2.11-1.0.2.jar;D:/Hopík/Dokumenty D/MultiMC/libraries/lzma/lzma/0.0.1/lzma-0.0.1.jar;D:/Hopík/Dokumenty D/MultiMC/libraries/com/mojang/minecraft/1.7.10/minecraft-1.7.10-client.jar
[12:00:38] [main/DEBUG] [FML/]: Java library path at launch is D:/Hopík/Dokumenty D/MultiMC/instances/FutureCraft 2/natives
[12:00:38] [main/DEBUG] [FML/]: Enabling runtime deobfuscation
[12:00:38] [main/DEBUG] [FML/]: Instantiating coremod class FMLCorePlugin
[12:00:38] [main/DEBUG] [FML/]: Added access transformer class cpw.mods.fml.common.asm.transformers.AccessTransformer to enqueued access transformers
[12:00:38] [main/DEBUG] [FML/]: Enqueued coremod FMLCorePlugin
[12:00:38] [main/DEBUG] [FML/]: Instantiating coremod class FMLForgePlugin
[12:00:38] [main/DEBUG] [FML/]: Added access transformer class net.minecraftforge.transformers.ForgeAccessTransformer to enqueued access transformers
[12:00:38] [main/DEBUG] [FML/]: Enqueued coremod FMLForgePlugin
[12:00:38] [main/DEBUG] [FML/]: All fundamental core mods are successfully located
[12:00:38] [main/DEBUG] [FML/]: Attempting to load commandline specified mods, relative to D:\Hopík\Dokumenty D\MultiMC\instances\FutureCraft 2\.minecraft
[12:00:38] [main/DEBUG] [FML/]: Discovering coremods
[12:00:38] [main/DEBUG] [FML/]: Examining for coremod candidacy ae2stuff-0.5.1.61-mc1.7.10.jar
[12:00:38] [main/DEBUG] [FML/]: Not found coremod data in ae2stuff-0.5.1.61-mc1.7.10.jar
[12:00:38] [main/DEBUG] [FML/]: Examining for coremod candidacy AOBD-2.9.2.jar
[12:00:38] [main/DEBUG] [FML/]: Not found coremod data in AOBD-2.9.2.jar
[12:00:38] [main/DEBUG] [FML/]: Examining for coremod candidacy appliedenergistics2-rv2-stable-10.jar
[12:00:38] [main/TRACE] [FML/]: Found FMLCorePluginContainsFMLMod marker in appliedenergistics2-rv2-stable-10.jar, it will be examined later for regular @Mod instances
[12:00:38] [main/DEBUG] [FML/]: Instantiating coremod class AppEngCore
[12:00:38] [main/DEBUG] [FML/]: The coremod appeng.transformer.AppEngCore requested minecraft version 1.7.10 and minecraft is 1.7.10. It will be loaded.
[12:00:38] [main/INFO] [FML/]: [AppEng] Core Init
[12:00:38] [main/DEBUG] [FML/]: Added access transformer class appeng.transformer.asm.ASMTweaker to enqueued access transformers
[12:00:38] [main/DEBUG] [FML/]: Enqueued coremod AppEngCore
[12:00:38] [main/DEBUG] [FML/]: Examining for coremod candidacy ArchimedesShips-1.7.1.jar
[12:00:38] [main/DEBUG] [FML/]: Not found coremod data in ArchimedesShips-1.7.1.jar
[12:00:38] [main/DEBUG] [FML/]: Examining for coremod candidacy Aroma1997Core-1.7.10-1.0.2.16.jar
[12:00:38] [main/TRACE] [FML/]: Found FMLCorePluginContainsFMLMod marker in Aroma1997Core-1.7.10-1.0.2.16.jar, it will be examined later for regular @Mod instances
[12:00:38] [main/DEBUG] [FML/]: Instantiating coremod class CoreMod
[12:00:38] [main/WARN] [FML/]: The coremod aroma1997.core.coremod.CoreMod does not have a MCVersion annotation, it may cause issues with this version of Minecraft
[12:00:38] [main/DEBUG] [FML/]: Added access transformer class aroma1997.core.coremod.asm.AromaAccessTransformer to enqueued access transformers
[12:00:38] [main/DEBUG] [FML/]: Enqueued coremod CoreMod
[12:00:38] [main/DEBUG] [FML/]: Examining for coremod candidacy Aroma1997s-Dimensional-World-1.7.10-1.1.0.1.jar
[12:00:38] [main/DEBUG] [FML/]: Not found coremod data in Aroma1997s-Dimensional-World-1.7.10-1.1.0.1.jar
[12:00:38] [main/DEBUG] [FML/]: Examining for coremod candidacy AromaBackup-1.7.10-0.1.0.0.jar
[12:00:38] [main/DEBUG] [FML/]: Not found coremod data in AromaBackup-1.7.10-0.1.0.0.jar
[12:00:38] [main/DEBUG] [FML/]: Examining for coremod candidacy backpack-2.0.1-1.7.x.jar
[12:00:38] [main/DEBUG] [FML/]: Not found coremod data in backpack-2.0.1-1.7.x.jar
[12:00:38] [main/DEBUG] [FML/]: Examining for coremod candidacy Baubles-1.7.10-1.0.1.10.jar
[12:00:38] [main/DEBUG] [FML/]: Not found coremod data in Baubles-1.7.10-1.0.1.10.jar
[12:00:38] [main/DEBUG] [FML/]: Examining for coremod candidacy bdlib-1.9.4.109-mc1.7.10.jar
[12:00:38] [main/DEBUG] [FML/]: Not found coremod data in bdlib-1.9.4.109-mc1.7.10.jar
[12:00:38] [main/DEBUG] [FML/]: Examining for coremod candidacy BetterBuildersWands-0.8.1-1.7.10r92+aec06c3.jar
[12:00:38] [main/DEBUG] [FML/]: Not found coremod data in BetterBuildersWands-0.8.1-1.7.10r92+aec06c3.jar
[12:00:38] [main/DEBUG] [FML/]: Examining for coremod candidacy BetterFps-1.0.1.jar
[12:00:38] [main/INFO] [FML/]: Loading tweaker me.guichaguri.betterfps.tweaker.BetterFpsTweaker from BetterFps-1.0.1.jar
[12:00:38] [main/DEBUG] [FML/]: Examining for coremod candidacy BetterLoadingScreen-1.3.10.jar
[12:00:38] [main/TRACE] [FML/]: Found FMLCorePluginContainsFMLMod marker in BetterLoadingScreen-1.3.10.jar, it will be examined later for regular @Mod instances
[12:00:38] [main/DEBUG] [FML/]: Instantiating coremod class LoadingScreenLoadPlugin
[12:00:38] [main/DEBUG] [FML/]: The coremod alexiil.mods.load.coremod.LoadingScreenLoadPlugin requested minecraft version 1.7.10 and minecraft is 1.7.10. It will be loaded.
[12:00:38] [main/DEBUG] [FML/]: Enqueued coremod LoadingScreenLoadPlugin
[12:00:38] [main/DEBUG] [FML/]: Examining for coremod candidacy BiblioCraft[v1.11.7][MC1.7.10].jar
[12:00:38] [main/DEBUG] [FML/]: Not found coremod data in BiblioCraft[v1.11.7][MC1.7.10].jar
[12:00:38] [main/DEBUG] [FML/]: Examining for coremod candidacy BiblioWoods[BiomesOPlenty][v1.9].jar
[12:00:38] [main/DEBUG] [FML/]: Not found coremod data in BiblioWoods[BiomesOPlenty][v1.9].jar
[12:00:38] [main/DEBUG] [FML/]: Examining for coremod candidacy BigReactors-0.4.3A.jar
[12:00:38] [main/DEBUG] [FML/]: Not found coremod data in BigReactors-0.4.3A.jar
[12:00:38] [main/DEBUG] [FML/]: Examining for coremod candidacy BiomesOPlenty-1.7.10-2.1.0.1889-universal.jar
[12:00:38] [main/DEBUG] [FML/]: Not found coremod data in BiomesOPlenty-1.7.10-2.1.0.1889-universal.jar
[12:00:38] [main/DEBUG] [FML/]: Examining for coremod candidacy Botania r1.8-249.jar
[12:00:38] [main/DEBUG] [FML/]: Not found coremod data in Botania r1.8-249.jar
[12:00:38] [main/DEBUG] [FML/]: Examining for coremod candidacy BrandonsCore-1.0.0.12.jar
[12:00:38] [main/TRACE] [FML/]: Found FMLCorePluginContainsFMLMod marker in BrandonsCore-1.0.0.12.jar, it will be examined later for regular @Mod instances
[12:00:38] [main/DEBUG] [FML/]: Instantiating coremod class LoadingPlugin
[12:00:38] [main/TRACE] [FML/]: coremod named Brandon's Core is loading
[12:00:38] [main/DEBUG] [FML/]: The coremod com.brandon3055.brandonscore.asm.LoadingPlugin requested minecraft version 1.7.10 and minecraft is 1.7.10. It will be loaded.
[12:00:38] [main/DEBUG] [FML/]: Enqueued coremod Brandon's Core
[12:00:38] [main/DEBUG] [FML/]: Examining for coremod candidacy buildcraft-7.1.23.jar
[12:00:38] [main/DEBUG] [FML/]: Not found coremod data in buildcraft-7.1.23.jar
[12:00:38] [main/DEBUG] [FML/]: Examining for coremod candidacy Carpenter's Blocks v3.3.8.1 - MC 1.7.10.jar
[12:00:38] [main/DEBUG] [FML/]: Not found coremod data in Carpenter's Blocks v3.3.8.1 - MC 1.7.10.jar
[12:00:38] [main/DEBUG] [FML/]: Examining for coremod candidacy ChickenChunks-1.7.10-1.3.4.19-universal.jar
[12:00:38] [main/DEBUG] [FML/]: Not found coremod data in ChickenChunks-1.7.10-1.3.4.19-universal.jar
[12:00:38] [main/DEBUG] [FML/]: Examining for coremod candidacy Chisel-2.9.5.11.jar
[12:00:38] [main/DEBUG] [FML/]: Not found coremod data in Chisel-2.9.5.11.jar
[12:00:38] [main/DEBUG] [FML/]: Examining for coremod candidacy CodeChickenCore-1.7.10-1.0.7.47-universal.jar
[12:00:38] [main/TRACE] [FML/]: Adding CodeChickenCore-1.7.10-1.0.7.47-universal.jar to the list of known coremods, it will not be examined again
[12:00:38] [main/DEBUG] [FML/]: Instantiating coremod class CodeChickenCorePlugin
[12:00:38] [main/WARN] [FML/]: The coremod codechicken.core.launch.CodeChickenCorePlugin does not have a MCVersion annotation, it may cause issues with this version of Minecraft
[12:00:38] [main/DEBUG] [FML/]: Added access transformer class codechicken.core.asm.CodeChickenAccessTransformer to enqueued access transformers
[12:00:38] [main/DEBUG] [FML/]: Enqueued coremod CodeChickenCorePlugin
[12:00:38] [main/DEBUG] [FML/]: Examining for coremod candidacy CodeChickenLib-1.7.10-1.1.3.138-universal.jar
[12:00:38] [main/DEBUG] [FML/]: Not found coremod data in CodeChickenLib-1.7.10-1.1.3.138-universal.jar
[12:00:38] [main/DEBUG] [FML/]: Examining for coremod candidacy CoFHCore-[1.7.10]3.1.4-329.jar
[12:00:38] [main/TRACE] [FML/]: Found FMLCorePluginContainsFMLMod marker in CoFHCore-[1.7.10]3.1.4-329.jar, it will be examined later for regular @Mod instances
[12:00:38] [main/DEBUG] [FML/]: Instantiating coremod class LoadingPlugin
[12:00:38] [main/WARN] [FML/]: The coremod cofh.asm.LoadingPlugin does not have a MCVersion annotation, it may cause issues with this version of Minecraft
[12:00:38] [main/DEBUG] [FML/]: Added access transformer class cofh.asm.CoFHAccessTransformer to enqueued access transformers
[12:00:38] [main/DEBUG] [FML/]: Enqueued coremod LoadingPlugin
[12:00:38] [main/DEBUG] [FML/]: Examining for coremod candidacy CompactSolars-1.7.10-4.4.39.315-universal.jar
[12:00:38] [main/DEBUG] [FML/]: Not found coremod data in CompactSolars-1.7.10-4.4.39.315-universal.jar
[12:00:38] [main/DEBUG] [FML/]: Examining for coremod candidacy ControlCraft.jar
[12:00:38] [main/DEBUG] [FML/]: Not found coremod data in ControlCraft.jar
[12:00:38] [main/DEBUG] [FML/]: Examining for coremod candidacy craftingtweaks-mc1.7.10-1.0.88.jar
[12:00:38] [main/TRACE] [FML/]: Found FMLCorePluginContainsFMLMod marker in craftingtweaks-mc1.7.10-1.0.88.jar, it will be examined later for regular @Mod instances
[12:00:38] [main/DEBUG] [FML/]: Instantiating coremod class CraftingTweaksLoadingPlugin
[12:00:38] [main/TRACE] [FML/]: coremod named CraftingTweaks is loading
[12:00:38] [main/DEBUG] [FML/]: The coremod net.blay09.mods.craftingtweaks.coremod.CraftingTweaksLoadingPlugin requested minecraft version 1.7.10 and minecraft is 1.7.10. It will be loaded.
[12:00:38] [main/DEBUG] [FML/]: Enqueued coremod CraftingTweaks
[12:00:38] [main/DEBUG] [FML/]: Examining for coremod candidacy CustomMainMenu-MC1.7.10-1.9.2.jar
[12:00:38] [main/DEBUG] [FML/]: Not found coremod data in CustomMainMenu-MC1.7.10-1.9.2.jar
[12:00:38] [main/DEBUG] [FML/]: Examining for coremod candidacy Decocraft-2.4.2_1.7.10.jar
[12:00:38] [main/DEBUG] [FML/]: Not found coremod data in Decocraft-2.4.2_1.7.10.jar
[12:00:38] [main/DEBUG] [FML/]: Examining for coremod candidacy Draconic-Evolution-1.7.10-1.0.2h.jar
[12:00:38] [main/DEBUG] [FML/]: Not found coremod data in Draconic-Evolution-1.7.10-1.0.2h.jar
[12:00:38] [main/DEBUG] [FML/]: Examining for coremod candidacy EnderCompass-1.7.10-1.2.jar
[12:00:38] [main/DEBUG] [FML/]: Not found coremod data in EnderCompass-1.7.10-1.2.jar
[12:00:38] [main/DEBUG] [FML/]: Examining for coremod candidacy EnderCore-1.7.10-0.2.0.39_beta.jar
[12:00:38] [main/TRACE] [FML/]: Found FMLCorePluginContainsFMLMod marker in EnderCore-1.7.10-0.2.0.39_beta.jar, it will be examined later for regular @Mod instances
[12:00:38] [main/DEBUG] [FML/]: Instantiating coremod class EnderCorePlugin
[12:00:38] [main/DEBUG] [FML/]: The coremod com.enderio.core.common.transform.EnderCorePlugin requested minecraft version 1.7.10 and minecraft is 1.7.10. It will be loaded.
[12:00:38] [main/DEBUG] [FML/]: Enqueued coremod EnderCorePlugin
[12:00:38] [main/DEBUG] [FML/]: Examining for coremod candidacy EnderIO-1.7.10-2.3.0.429_beta.jar
[12:00:38] [main/DEBUG] [FML/]: Not found coremod data in EnderIO-1.7.10-2.3.0.429_beta.jar
[12:00:38] [main/DEBUG] [FML/]: Examining for coremod candidacy EnderStorage-1.7.10-1.4.7.37-universal.jar
[12:00:38] [main/DEBUG] [FML/]: Not found coremod data in EnderStorage-1.7.10-1.4.7.37-universal.jar
[12:00:38] [main/DEBUG] [FML/]: Examining for coremod candidacy extrautilities-1.2.12.jar
[12:00:38] [main/DEBUG] [FML/]: Not found coremod data in extrautilities-1.2.12.jar
[12:00:38] [main/DEBUG] [FML/]: Examining for coremod candidacy FastLeafDecay-1.7.10-1.4.jar
[12:00:38] [main/TRACE] [FML/]: Found FMLCorePluginContainsFMLMod marker in FastLeafDecay-1.7.10-1.4.jar, it will be examined later for regular @Mod instances
[12:00:38] [main/DEBUG] [FML/]: Instantiating coremod class FldLoadingPlugin
[12:00:38] [main/DEBUG] [FML/]: The coremod com.olafski.fastleafdecay.FldLoadingPlugin requested minecraft version 1.7.10 and minecraft is 1.7.10. It will be loaded.
[12:00:38] [main/DEBUG] [FML/]: Enqueued coremod FldLoadingPlugin
[12:00:38] [main/DEBUG] [FML/]: Examining for coremod candidacy forestry_1.7.10-4.2.16.64.jar
[12:00:38] [main/INFO] [FML/]: Loading tweaker forestry.shade.javacheck.Java7Checker from forestry_1.7.10-4.2.16.64.jar
[12:00:38] [main/DEBUG] [FML/]: Examining for coremod candidacy ForgeMultipart-1.7.10-1.2.0.345-universal.jar
[12:00:38] [main/TRACE] [FML/]: Found FMLCorePluginContainsFMLMod marker in ForgeMultipart-1.7.10-1.2.0.345-universal.jar, it will be examined later for regular @Mod instances
[12:00:38] [main/DEBUG] [FML/]: Instantiating coremod class DepLoader
[12:00:38] [main/WARN] [FML/]: The coremod codechicken.core.launch.DepLoader does not have a MCVersion annotation, it may cause issues with this version of Minecraft
[12:00:38] [main/DEBUG] [FML/]: Enqueued coremod DepLoader
[12:00:38] [main/DEBUG] [FML/]: Examining for coremod candidacy ForgeRelocation-0.0.1.4-universal.jar
[12:00:38] [main/TRACE] [FML/]: Found FMLCorePluginContainsFMLMod marker in ForgeRelocation-0.0.1.4-universal.jar, it will be examined later for regular @Mod instances
[12:00:38] [main/DEBUG] [FML/]: Instantiating coremod class RelocationPlugin
[12:00:38] [main/WARN] [FML/]: The coremod mrtjp.relocation.asm.RelocationPlugin does not have a MCVersion annotation, it may cause issues with this version of Minecraft
[12:00:38] [main/DEBUG] [FML/]: Enqueued coremod RelocationPlugin
[12:00:38] [main/DEBUG] [FML/]: Examining for coremod candidacy ForgeRelocationFMP-0.0.1.2-universal.jar
[12:00:38] [main/DEBUG] [FML/]: Not found coremod data in ForgeRelocationFMP-0.0.1.2-universal.jar
[12:00:38] [main/DEBUG] [FML/]: Examining for coremod candidacy futurecraft-1.0.jar
[12:00:38] [main/DEBUG] [FML/]: Not found coremod data in futurecraft-1.0.jar
[12:00:38] [main/DEBUG] [FML/]: Examining for coremod candidacy Galacticraft-Planets-1.7-3.0.12.504.jar
[12:00:38] [main/DEBUG] [FML/]: Not found coremod data in Galacticraft-Planets-1.7-3.0.12.504.jar
[12:00:38] [main/DEBUG] [FML/]: Examining for coremod candidacy GalacticraftCore-1.7-3.0.12.504.jar
[12:00:38] [main/DEBUG] [FML/]: Not found coremod data in GalacticraftCore-1.7-3.0.12.504.jar
[12:00:38] [main/DEBUG] [FML/]: Examining for coremod candidacy GraveStone Mod 0.7.10.3.jar
[12:00:38] [main/DEBUG] [FML/]: Not found coremod data in GraveStone Mod 0.7.10.3.jar
[12:00:38] [main/DEBUG] [FML/]: Examining for coremod candidacy GravityGun-4.0.0-beta.jar
[12:00:38] [main/DEBUG] [FML/]: Not found coremod data in GravityGun-4.0.0-beta.jar
[12:00:38] [main/DEBUG] [FML/]: Examining for coremod candidacy Hats-4.0.1.jar
[12:00:38] [main/DEBUG] [FML/]: Not found coremod data in Hats-4.0.1.jar
[12:00:38] [main/DEBUG] [FML/]: Examining for coremod candidacy iChunUtil-4.2.3.jar
[12:00:38] [main/DEBUG] [FML/]: Not found coremod data in iChunUtil-4.2.3.jar
[12:00:38] [main/DEBUG] [FML/]: Examining for coremod candidacy IGW-Mod-1.7.10-1.1.12-34-universal.jar
[12:00:38] [main/DEBUG] [FML/]: Not found coremod data in IGW-Mod-1.7.10-1.1.12-34-universal.jar
[12:00:38] [main/DEBUG] [FML/]: Examining for coremod candidacy ImmersiveEngineering-0.7.7.jar
[12:00:38] [main/DEBUG] [FML/]: Not found coremod data in ImmersiveEngineering-0.7.7.jar
[12:00:38] [main/DEBUG] [FML/]: Examining for coremod candidacy industrialcraft-2-2.2.827-experimental.jar
[12:00:38] [main/TRACE] [FML/]: Found FMLCorePluginContainsFMLMod marker in industrialcraft-2-2.2.827-experimental.jar, it will be examined later for regular @Mod instances
[12:00:38] [main/DEBUG] [FML/]: Instantiating coremod class IC2core
[12:00:38] [main/WARN] [FML/]: The coremod ic2.core.coremod.IC2core does not have a MCVersion annotation, it may cause issues with this version of Minecraft
[12:00:38] [main/DEBUG] [FML/]: Enqueued coremod IC2core
[12:00:38] [main/DEBUG] [FML/]: Examining for coremod candidacy InventoryTweaks-1.59-dev-152.jar
[12:00:38] [main/TRACE] [FML/]: Found FMLCorePluginContainsFMLMod marker in InventoryTweaks-1.59-dev-152.jar, it will be examined later for regular @Mod instances
[12:00:38] [main/DEBUG] [FML/]: Instantiating coremod class FMLPlugin
[12:00:38] [main/WARN] [FML/]: The coremod invtweaks.forge.asm.FMLPlugin does not have a MCVersion annotation, it may cause issues with this version of Minecraft
[12:00:38] [main/DEBUG] [FML/]: Added access transformer class invtweaks.forge.asm.ITAccessTransformer to enqueued access transformers
[12:00:38] [main/DEBUG] [FML/]: Enqueued coremod FMLPlugin
[12:00:38] [main/DEBUG] [FML/]: Examining for coremod candidacy ironchest-1.7.10-6.0.62.742-universal.jar
[12:00:38] [main/DEBUG] [FML/]: Not found coremod data in ironchest-1.7.10-6.0.62.742-universal.jar
[12:00:38] [main/DEBUG] [FML/]: Examining for coremod candidacy Jabba-1.2.2_1.7.10.jar
[12:00:38] [main/DEBUG] [FML/]: Not found coremod data in Jabba-1.2.2_1.7.10.jar
[12:00:38] [main/DEBUG] [FML/]: Examining for coremod candidacy journeymap-1.7.10-5.1.4p2-unlimited.jar
[12:00:38] [main/DEBUG] [FML/]: Not found coremod data in journeymap-1.7.10-5.1.4p2-unlimited.jar
[12:00:38] [main/DEBUG] [FML/]: Examining for coremod candidacy magicalcrops-1.7.10_0.1.jar
[12:00:38] [main/DEBUG] [FML/]: Not found coremod data in magicalcrops-1.7.10_0.1.jar
[12:00:38] [main/DEBUG] [FML/]: Examining for coremod candidacy magicalcropsarmoury-4.0.0_PUBLIC_BETA_4.jar
[12:00:38] [main/DEBUG] [FML/]: Not found coremod data in magicalcropsarmoury-4.0.0_PUBLIC_BETA_4.jar
[12:00:38] [main/DEBUG] [FML/]: Examining for coremod candidacy magicalcropsdeco-4.0.0_PUBLIC_BETA_4a.jar
[12:00:38] [main/DEBUG] [FML/]: Not found coremod data in magicalcropsdeco-4.0.0_PUBLIC_BETA_4a.jar
[12:00:38] [main/DEBUG] [FML/]: Examining for coremod candidacy malisiscore-1.7.10-0.14.3.jar
[12:00:38] [main/TRACE] [FML/]: Found FMLCorePluginContainsFMLMod marker in malisiscore-1.7.10-0.14.3.jar, it will be examined later for regular @Mod instances
[12:00:38] [main/DEBUG] [FML/]: Instantiating coremod class MalisisCorePlugin
[12:00:38] [main/WARN] [FML/]: The coremod net.malisis.core.asm.MalisisCorePlugin does not have a MCVersion annotation, it may cause issues with this version of Minecraft
[12:00:38] [main/DEBUG] [FML/]: Added access transformer class net.malisis.core.asm.MalisisCoreAccessTransformer to enqueued access transformers
[12:00:38] [main/DEBUG] [FML/]: Enqueued coremod MalisisCorePlugin
[12:00:38] [main/DEBUG] [FML/]: Examining for coremod candidacy malisisdoors-1.7.10-1.13.2.jar
[12:00:38] [main/DEBUG] [FML/]: Not found coremod data in malisisdoors-1.7.10-1.13.2.jar
[12:00:38] [main/DEBUG] [FML/]: Examining for coremod candidacy Mantle-1.7.10-0.3.2b.jar
[12:00:38] [main/DEBUG] [FML/]: Not found coremod data in Mantle-1.7.10-0.3.2b.jar
[12:00:38] [main/DEBUG] [FML/]: Examining for coremod candidacy mcjtylib-1.8.1.jar
[12:00:38] [main/DEBUG] [FML/]: Not found coremod data in mcjtylib-1.8.1.jar
[12:00:38] [main/DEBUG] [FML/]: Examining for coremod candidacy Mekanism-1.7.10-9.1.1.1031.jar
[12:00:38] [main/TRACE] [FML/]: Found FMLCorePluginContainsFMLMod marker in Mekanism-1.7.10-9.1.1.1031.jar, it will be examined later for regular @Mod instances
[12:00:38] [main/DEBUG] [FML/]: Instantiating coremod class LoadingHook
[12:00:38] [main/WARN] [FML/]: The coremod mekanism.common.asm.LoadingHook does not have a MCVersion annotation, it may cause issues with this version of Minecraft
[12:00:38] [main/DEBUG] [FML/]: Enqueued coremod LoadingHook
[12:00:38] [main/DEBUG] [FML/]: Examining for coremod candidacy MekanismGenerators-1.7.10-9.1.1.1031.jar
[12:00:38] [main/DEBUG] [FML/]: Not found coremod data in MekanismGenerators-1.7.10-9.1.1.1031.jar
[12:00:38] [main/DEBUG] [FML/]: Examining for coremod candidacy MekanismTools-1.7.10-9.1.1.1031.jar
[12:00:38] [main/DEBUG] [FML/]: Not found coremod data in MekanismTools-1.7.10-9.1.1.1031.jar
[12:00:38] [main/DEBUG] [FML/]: Examining for coremod candidacy MFR Compat - Magical Crops v1-2-4.jar
[12:00:38] [main/DEBUG] [FML/]: Not found coremod data in MFR Compat - Magical Crops v1-2-4.jar
[12:00:38] [main/DEBUG] [FML/]: Examining for coremod candidacy MicdoodleCore-1.7-3.0.12.504.jar
[12:00:38] [main/TRACE] [FML/]: Adding MicdoodleCore-1.7-3.0.12.504.jar to the list of known coremods, it will not be examined again
[12:00:38] [main/DEBUG] [FML/]: Instantiating coremod class MicdoodlePlugin
[12:00:38] [main/WARN] [FML/]: The coremod micdoodle8.mods.miccore.MicdoodlePlugin does not have a MCVersion annotation, it may cause issues with this version of Minecraft
[12:00:38] [main/INFO] [STDOUT/]: [micdoodle8.mods.miccore.DepLoader$DepLoadInst:<init>:333]: MicdoodleCore searching for dependencies in mods file: D:\Hopík\Dokumenty D\MultiMC\instances\FutureCraft 2\.minecraft\mods
[12:00:39] [main/DEBUG] [FML/]: Added access transformer class micdoodle8.mods.miccore.MicdoodleAccessTransformer to enqueued access transformers
[12:00:39] [main/DEBUG] [FML/]: Enqueued coremod MicdoodlePlugin
[12:00:39] [main/DEBUG] [FML/]: Examining for coremod candidacy MineFactoryReloaded-[1.7.10]2.8.1-174.jar
[12:00:39] [main/DEBUG] [FML/]: Not found coremod data in MineFactoryReloaded-[1.7.10]2.8.1-174.jar
[12:00:39] [main/DEBUG] [FML/]: Examining for coremod candidacy MineTweaker3-1.7.10-3.0.10B.jar
[12:00:39] [main/DEBUG] [FML/]: Not found coremod data in MineTweaker3-1.7.10-3.0.10B.jar
[12:00:39] [main/DEBUG] [FML/]: Examining for coremod candidacy ModTweaker2-0.9.6.jar
[12:00:39] [main/DEBUG] [FML/]: Not found coremod data in ModTweaker2-0.9.6.jar
[12:00:39] [main/DEBUG] [FML/]: Examining for coremod candidacy ModularPowersuits-1.7.10-0.11.1.117.jar
[12:00:39] [main/DEBUG] [FML/]: Not found coremod data in ModularPowersuits-1.7.10-0.11.1.117.jar
[12:00:39] [main/DEBUG] [FML/]: Examining for coremod candidacy Morph-Beta-0.9.3.jar
[12:00:39] [main/DEBUG] [FML/]: Not found coremod data in Morph-Beta-0.9.3.jar
[12:00:39] [main/DEBUG] [FML/]: Examining for coremod candidacy Morpheus-1.7.10-1.6.21.jar
[12:00:39] [main/DEBUG] [FML/]: Not found coremod data in Morpheus-1.7.10-1.6.21.jar
[12:00:39] [main/DEBUG] [FML/]: Examining for coremod candidacy MrTJPCore-1.1.0.33-universal.jar
[12:00:39] [main/TRACE] [FML/]: Found FMLCorePluginContainsFMLMod marker in MrTJPCore-1.1.0.33-universal.jar, it will be examined later for regular @Mod instances
[12:00:39] [main/DEBUG] [FML/]: Instantiating coremod class CorePlugin
[12:00:39] [main/WARN] [FML/]: The coremod mrtjp.core.handler.CorePlugin does not have a MCVersion annotation, it may cause issues with this version of Minecraft
[12:00:39] [main/DEBUG] [FML/]: Enqueued coremod CorePlugin
[12:00:39] [main/DEBUG] [FML/]: Examining for coremod candidacy NotEnoughItems-1.7.10-1.0.5.120-universal.jar
[12:00:39] [main/TRACE] [FML/]: Adding NotEnoughItems-1.7.10-1.0.5.120-universal.jar to the list of known coremods, it will not be examined again
[12:00:39] [main/DEBUG] [FML/]: Instantiating coremod class NEICorePlugin
[12:00:39] [main/WARN] [FML/]: The coremod codechicken.nei.asm.NEICorePlugin does not have a MCVersion annotation, it may cause issues with this version of Minecraft
[12:00:39] [main/DEBUG] [FML/]: Enqueued coremod NEICorePlugin
[12:00:39] [main/DEBUG] [FML/]: Examining for coremod candidacy Numina-0.4.1.106.jar
[12:00:39] [main/DEBUG] [FML/]: Not found coremod data in Numina-0.4.1.106.jar
[12:00:39] [main/DEBUG] [FML/]: Examining for coremod candidacy OpenBlocks-1.7.10-1.6.jar
[12:00:39] [main/TRACE] [FML/]: Found FMLCorePluginContainsFMLMod marker in OpenBlocks-1.7.10-1.6.jar, it will be examined later for regular @Mod instances
[12:00:39] [main/DEBUG] [FML/]: Instantiating coremod class OpenBlocksCorePlugin
[12:00:39] [main/WARN] [FML/]: The coremod openblocks.OpenBlocksCorePlugin does not have a MCVersion annotation, it may cause issues with this version of Minecraft
[12:00:39] [main/DEBUG] [FML/]: Enqueued coremod OpenBlocksCorePlugin
[12:00:39] [main/DEBUG] [FML/]: Examining for coremod candidacy OpenModsLib-1.7.10-0.10.jar
[12:00:39] [main/TRACE] [FML/]: Found FMLCorePluginContainsFMLMod marker in OpenModsLib-1.7.10-0.10.jar, it will be examined later for regular @Mod instances
[12:00:39] [main/DEBUG] [FML/]: Instantiating coremod class OpenModsCorePlugin
[12:00:39] [main/WARN] [FML/]: The coremod openmods.core.OpenModsCorePlugin does not have a MCVersion annotation, it may cause issues with this version of Minecraft
[12:00:39] [main/DEBUG] [OpenMods/]: openmods.core.OpenModsCorePlugin.<init>(OpenModsCorePlugin.java:18): <OpenModsLib 0.10>\o
[12:00:39] [main/DEBUG] [FML/]: Enqueued coremod OpenModsCorePlugin
[12:00:39] [main/DEBUG] [FML/]: Examining for coremod candidacy p455w0rdslib-1.7.10-1.0.4.jar
[12:00:39] [main/DEBUG] [FML/]: Not found coremod data in p455w0rdslib-1.7.10-1.0.4.jar
[12:00:39] [main/DEBUG] [FML/]: Examining for coremod candidacy Pam's HarvestCraft 1.7.10Lb.jar
[12:00:39] [main/DEBUG] [FML/]: Not found coremod data in Pam's HarvestCraft 1.7.10Lb.jar
[12:00:39] [main/DEBUG] [FML/]: Examining for coremod candidacy PortalGun-4.0.0-beta-6-fix-1.jar
[12:00:39] [main/DEBUG] [FML/]: Not found coremod data in PortalGun-4.0.0-beta-6-fix-1.jar
[12:00:39] [main/DEBUG] [FML/]: Examining for coremod candidacy ProjectRed-1.7.10-4.7.0pre12.95-Base.jar
[12:00:39] [main/TRACE] [FML/]: Found FMLCorePluginContainsFMLMod marker in ProjectRed-1.7.10-4.7.0pre12.95-Base.jar, it will be examined later for regular @Mod instances
[12:00:39] [main/DEBUG] [FML/]: Instantiating coremod class DepLoader
[12:00:39] [main/WARN] [FML/]: The coremod codechicken.core.launch.DepLoader does not have a MCVersion annotation, it may cause issues with this version of Minecraft
[12:00:39] [main/DEBUG] [FML/]: Enqueued coremod DepLoader
[12:00:39] [main/DEBUG] [FML/]: Examining for coremod candidacy ProjectRed-1.7.10-4.7.0pre12.95-Integration.jar
[12:00:39] [main/DEBUG] [FML/]: Not found coremod data in ProjectRed-1.7.10-4.7.0pre12.95-Integration.jar
[12:00:39] [main/DEBUG] [FML/]: Examining for coremod candidacy ProjectRed-1.7.10-4.7.0pre12.95-Lighting.jar
[12:00:39] [main/DEBUG] [FML/]: Not found coremod data in ProjectRed-1.7.10-4.7.0pre12.95-Lighting.jar
[12:00:39] [main/DEBUG] [FML/]: Examining for coremod candidacy ProjectRed-1.7.10-4.7.0pre12.95-Mechanical.jar
[12:00:39] [main/DEBUG] [FML/]: Not found coremod data in ProjectRed-1.7.10-4.7.0pre12.95-Mechanical.jar
[12:00:39] [main/DEBUG] [FML/]: Examining for coremod candidacy QuantumFlux-1.7.10-1.3.4.jar
[12:00:39] [main/DEBUG] [FML/]: Not found coremod data in QuantumFlux-1.7.10-1.3.4.jar
[12:00:39] [main/DEBUG] [FML/]: Examining for coremod candidacy QuarryPlus-Mod-1.7.10.jar
[12:00:39] [main/DEBUG] [FML/]: Not found coremod data in QuarryPlus-Mod-1.7.10.jar
[12:00:39] [main/DEBUG] [FML/]: Examining for coremod candidacy RandomThings-2.2.3.jar
[12:00:39] [main/TRACE] [FML/]: Found FMLCorePluginContainsFMLMod marker in RandomThings-2.2.3.jar, it will be examined later for regular @Mod instances
[12:00:39] [main/DEBUG] [FML/]: Instantiating coremod class RTLoadingPlugin
[12:00:39] [main/WARN] [FML/]: The coremod lumien.randomthings.Transformer.RTLoadingPlugin does not have a MCVersion annotation, it may cause issues with this version of Minecraft
[12:00:39] [main/DEBUG] [FML/]: Enqueued coremod RTLoadingPlugin
[12:00:39] [main/DEBUG] [FML/]: Examining for coremod candidacy ResourceLoader-MC1.7.10-1.3.jar
[12:00:39] [main/TRACE] [FML/]: Found FMLCorePluginContainsFMLMod marker in ResourceLoader-MC1.7.10-1.3.jar, it will be examined later for regular @Mod instances
[12:00:39] [main/DEBUG] [FML/]: Instantiating coremod class LoadingPlugin
[12:00:39] [main/WARN] [FML/]: The coremod lumien.resourceloader.asm.LoadingPlugin does not have a MCVersion annotation, it may cause issues with this version of Minecraft
[12:00:39] [main/DEBUG] [FML/]: Enqueued coremod LoadingPlugin
[12:00:39] [main/DEBUG] [FML/]: Examining for coremod candidacy rftools-4.23.jar
[12:00:39] [main/DEBUG] [FML/]: Not found coremod data in rftools-4.23.jar
[12:00:39] [main/DEBUG] [FML/]: Examining for coremod candidacy roguelike-1.7.10-1.5.0b.jar
[12:00:39] [main/DEBUG] [FML/]: Not found coremod data in roguelike-1.7.10-1.5.0b.jar
[12:00:39] [main/DEBUG] [FML/]: Examining for coremod candidacy ShadersModCore-v2.3.31-mc1.7.10-f.jar
[12:00:39] [main/INFO] [FML/]: Loading tweaker shadersmodcore.loading.SMCTweaker from ShadersModCore-v2.3.31-mc1.7.10-f.jar
[12:00:39] [main/DEBUG] [FML/]: Examining for coremod candidacy SimplyJetpacks-MC1.7.10-1.5.3.jar
[12:00:39] [main/DEBUG] [FML/]: Not found coremod data in SimplyJetpacks-MC1.7.10-1.5.3.jar
[12:00:39] [main/DEBUG] [FML/]: Examining for coremod candidacy SolarFlux-1.7.10-0.8b.jar
[12:00:39] [main/DEBUG] [FML/]: Not found coremod data in SolarFlux-1.7.10-0.8b.jar
[12:00:39] [main/DEBUG] [FML/]: Examining for coremod candidacy StevesFactoryManagerA93.jar
[12:00:39] [main/DEBUG] [FML/]: Not found coremod data in StevesFactoryManagerA93.jar
[12:00:39] [main/DEBUG] [FML/]: Examining for coremod candidacy StorageDrawers-1.7.10-1.10.9.jar
[12:00:39] [main/DEBUG] [FML/]: Not found coremod data in StorageDrawers-1.7.10-1.10.9.jar
[12:00:39] [main/DEBUG] [FML/]: Examining for coremod candidacy StorageDrawers-BiomesOPlenty-1.7.10-1.1.1.jar
[12:00:39] [main/DEBUG] [FML/]: Not found coremod data in StorageDrawers-BiomesOPlenty-1.7.10-1.1.1.jar
[12:00:39] [main/DEBUG] [FML/]: Examining for coremod candidacy TConstruct-1.7.10-1.8.8.jar
[12:00:39] [main/DEBUG] [FML/]: Not found coremod data in TConstruct-1.7.10-1.8.8.jar
[12:00:39] [main/DEBUG] [FML/]: Examining for coremod candidacy ThermalDynamics-[1.7.10]1.2.1-172.jar
[12:00:39] [main/DEBUG] [FML/]: Not found coremod data in ThermalDynamics-[1.7.10]1.2.1-172.jar
[12:00:39] [main/DEBUG] [FML/]: Examining for coremod candidacy ThermalExpansion-[1.7.10]4.1.5-248.jar
[12:00:39] [main/DEBUG] [FML/]: Not found coremod data in ThermalExpansion-[1.7.10]4.1.5-248.jar
[12:00:39] [main/DEBUG] [FML/]: Examining for coremod candidacy ThermalFoundation-[1.7.10]1.2.6-118.jar
[12:00:39] [main/DEBUG] [FML/]: Not found coremod data in ThermalFoundation-[1.7.10]1.2.6-118.jar
[12:00:39] [main/DEBUG] [FML/]: Examining for coremod candidacy Torched-4.0.0.jar
[12:00:39] [main/DEBUG] [FML/]: Not found coremod data in Torched-4.0.0.jar
[12:00:39] [main/DEBUG] [FML/]: Examining for coremod candidacy Traincraft-4.4.1_020.jar
[12:00:39] [main/DEBUG] [FML/]: Not found coremod data in Traincraft-4.4.1_020.jar
[12:00:39] [main/DEBUG] [FML/]: Examining for coremod candidacy VeinMiner-1.7.10-0.36.0.496+28a7f13.jar
[12:00:39] [main/DEBUG] [FML/]: Not found coremod data in VeinMiner-1.7.10-0.36.0.496+28a7f13.jar
[12:00:39] [main/DEBUG] [FML/]: Examining for coremod candidacy Waila-1.5.10_1.7.10.jar
[12:00:39] [main/DEBUG] [FML/]: Not found coremod data in Waila-1.5.10_1.7.10.jar
[12:00:39] [main/DEBUG] [FML/]: Examining for coremod candidacy WailaHarvestability-mc1.7.10-1.1.6.jar
[12:00:39] [main/DEBUG] [FML/]: Not found coremod data in WailaHarvestability-mc1.7.10-1.1.6.jar
[12:00:39] [main/DEBUG] [FML/]: Examining for coremod candidacy WirelessCraftingTerminal-1.7.10-rv2-1.8.7b.jar
[12:00:39] [main/DEBUG] [FML/]: Not found coremod data in WirelessCraftingTerminal-1.7.10-rv2-1.8.7b.jar
[12:00:39] [main/INFO] [LaunchWrapper/]: Loading tweak class name cpw.mods.fml.common.launcher.FMLInjectionAndSortingTweaker
[12:00:39] [main/INFO] [LaunchWrapper/]: Loading tweak class name me.guichaguri.betterfps.tweaker.BetterFpsTweaker
[12:00:39] [main/INFO] [LaunchWrapper/]: Loading tweak class name forestry.shade.javacheck.Java7Checker
[12:00:39] [main/INFO] [LaunchWrapper/]: Loading tweak class name shadersmodcore.loading.SMCTweaker
[12:00:39] [main/INFO] [LaunchWrapper/]: Loading tweak class name cpw.mods.fml.common.launcher.FMLDeobfTweaker
[12:00:39] [main/INFO] [LaunchWrapper/]: Calling tweak class cpw.mods.fml.common.launcher.FMLInjectionAndSortingTweaker
[12:00:39] [main/INFO] [LaunchWrapper/]: Calling tweak class cpw.mods.fml.common.launcher.FMLInjectionAndSortingTweaker
[12:00:39] [main/INFO] [LaunchWrapper/]: Calling tweak class cpw.mods.fml.relauncher.CoreModManager$FMLPluginWrapper
[12:00:39] [main/DEBUG] [FML/]: Injecting coremod FMLCorePlugin {cpw.mods.fml.relauncher.FMLCorePlugin} class transformers
[12:00:39] [main/TRACE] [FML/]: Registering transformer cpw.mods.fml.common.asm.transformers.MarkerTransformer
[12:00:39] [main/TRACE] [FML/]: Registering transformer cpw.mods.fml.common.asm.transformers.SideTransformer
[12:00:39] [main/TRACE] [FML/]: Registering transformer cpw.mods.fml.common.asm.transformers.EventSubscriptionTransformer
[12:00:39] [main/DEBUG] [FML/]: Injection complete
[12:00:39] [main/DEBUG] [FML/]: Running coremod plugin for FMLCorePlugin {cpw.mods.fml.relauncher.FMLCorePlugin}
[12:00:39] [main/DEBUG] [FML/]: Running coremod plugin FMLCorePlugin
[12:00:39] [main/DEBUG] [FML/]: Read 527 binary patches
[12:00:40] [main/INFO] [FML/]: Found valid fingerprint for Minecraft Forge. Certificate fingerprint e3c3d50c7c986df74c645c0ac54639741c90a557
[12:00:40] [main/INFO] [FML/]: Found valid fingerprint for Minecraft. Certificate fingerprint cd99959656f753dc28d863b46769f7f8fbaefcfc
[12:00:40] [main/DEBUG] [FML/]: Coremod plugin class FMLCorePlugin run successfully
[12:00:40] [main/INFO] [LaunchWrapper/]: Calling tweak class cpw.mods.fml.relauncher.CoreModManager$FMLPluginWrapper
[12:00:40] [main/DEBUG] [FML/]: Injecting coremod FMLForgePlugin {net.minecraftforge.classloading.FMLForgePlugin} class transformers
[12:00:40] [main/TRACE] [FML/]: Registering transformer net.minecraftforge.classloading.FluidIdTransformer
[12:00:40] [main/DEBUG] [FML/]: Injection complete
[12:00:40] [main/DEBUG] [FML/]: Running coremod plugin for FMLForgePlugin {net.minecraftforge.classloading.FMLForgePlugin}
[12:00:40] [main/DEBUG] [FML/]: Running coremod plugin FMLForgePlugin
[12:00:40] [main/DEBUG] [FML/]: Coremod plugin class FMLForgePlugin run successfully
[12:00:40] [main/INFO] [LaunchWrapper/]: Calling tweak class cpw.mods.fml.relauncher.CoreModManager$FMLPluginWrapper
[12:00:40] [main/DEBUG] [FML/]: Injecting coremod CCCDeobfPlugin {codechicken.core.asm.MCPDeobfuscationTransformer$LoadPlugin} class transformers
[12:00:40] [main/DEBUG] [FML/]: Injection complete
[12:00:40] [main/DEBUG] [FML/]: Running coremod plugin for CCCDeobfPlugin {codechicken.core.asm.MCPDeobfuscationTransformer$LoadPlugin}
[12:00:40] [main/DEBUG] [FML/]: Running coremod plugin CCCDeobfPlugin
[12:00:40] [main/DEBUG] [FML/]: Coremod plugin class LoadPlugin run successfully
[12:00:40] [main/INFO] [LaunchWrapper/]: Calling tweak class cpw.mods.fml.relauncher.CoreModManager$FMLPluginWrapper
[12:00:40] [main/DEBUG] [FML/]: Injecting coremod AppEngCore {appeng.transformer.AppEngCore} class transformers
[12:00:40] [main/TRACE] [FML/]: Registering transformer appeng.transformer.asm.ASMIntegration
[12:00:40] [main/DEBUG] [FML/]: Injection complete
[12:00:40] [main/DEBUG] [FML/]: Running coremod plugin for AppEngCore {appeng.transformer.AppEngCore}
[12:00:40] [main/DEBUG] [FML/]: Running coremod plugin AppEngCore
[12:00:40] [main/DEBUG] [FML/]: Coremod plugin class AppEngCore run successfully
[12:00:40] [main/INFO] [LaunchWrapper/]: Calling tweak class cpw.mods.fml.relauncher.CoreModManager$FMLPluginWrapper
[12:00:40] [main/DEBUG] [FML/]: Injecting coremod CoreMod {aroma1997.core.coremod.CoreMod} class transformers
[12:00:40] [main/DEBUG] [FML/]: Injection complete
[12:00:40] [main/DEBUG] [FML/]: Running coremod plugin for CoreMod {aroma1997.core.coremod.CoreMod}
[12:00:40] [main/DEBUG] [FML/]: Running coremod plugin CoreMod
[12:00:40] [main/INFO] [Aroma1997Core/]: Finished data injection.
[12:00:40] [main/INFO] [Aroma1997Core/]: Finished data injection.
[12:00:40] [main/TRACE] [Aroma1997Core/]: Initializing Configurations from: D:\Hopík\Dokumenty D\MultiMC\instances\FutureCraft 2\.minecraft\config
[12:00:40] [main/DEBUG] [FML/]: Coremod plugin class CoreMod run successfully
[12:00:40] [main/INFO] [LaunchWrapper/]: Calling tweak class cpw.mods.fml.relauncher.CoreModManager$FMLPluginWrapper
[12:00:40] [main/DEBUG] [FML/]: Injecting coremod CodeChickenCorePlugin {codechicken.core.launch.CodeChickenCorePlugin} class transformers
[12:00:40] [main/TRACE] [FML/]: Registering transformer codechicken.lib.asm.ClassHeirachyManager
[12:00:40] [main/TRACE] [FML/]: Registering transformer codechicken.core.asm.InterfaceDependancyTransformer
[12:00:40] [main/TRACE] [FML/]: Registering transformer codechicken.core.asm.TweakTransformer
[12:00:40] [main/TRACE] [FML/]: Registering transformer codechicken.core.asm.DelegatedTransformer
[12:00:40] [main/TRACE] [FML/]: Registering transformer codechicken.core.asm.DefaultImplementationTransformer
[12:00:40] [main/DEBUG] [FML/]: Injection complete
[12:00:40] [main/DEBUG] [FML/]: Running coremod plugin for CodeChickenCorePlugin {codechicken.core.launch.CodeChickenCorePlugin}
[12:00:40] [main/DEBUG] [FML/]: Running coremod plugin CodeChickenCorePlugin
[12:00:40] [main/DEBUG] [FML/]: Coremod plugin class CodeChickenCorePlugin run successfully
[12:00:40] [main/INFO] [LaunchWrapper/]: Calling tweak class cpw.mods.fml.relauncher.CoreModManager$FMLPluginWrapper
[12:00:40] [main/DEBUG] [FML/]: Injecting coremod DepLoader {codechicken.core.launch.DepLoader} class transformers
[12:00:40] [main/DEBUG] [FML/]: Injection complete
[12:00:40] [main/DEBUG] [FML/]: Running coremod plugin for DepLoader {codechicken.core.launch.DepLoader}
[12:00:40] [main/DEBUG] [FML/]: Running coremod plugin DepLoader
[12:00:40] [main/DEBUG] [FML/]: Coremod plugin class DepLoader run successfully
[12:00:40] [main/INFO] [LaunchWrapper/]: Calling tweak class cpw.mods.fml.relauncher.CoreModManager$FMLPluginWrapper
[12:00:40] [main/DEBUG] [FML/]: Injecting coremod RelocationPlugin {mrtjp.relocation.asm.RelocationPlugin} class transformers
[12:00:40] [main/TRACE] [FML/]: Registering transformer mrtjp.relocation.asm.Transformer
[12:00:40] [main/DEBUG] [FML/]: Injection complete
[12:00:40] [main/DEBUG] [FML/]: Running coremod plugin for RelocationPlugin {mrtjp.relocation.asm.RelocationPlugin}
[12:00:40] [main/DEBUG] [FML/]: Running coremod plugin RelocationPlugin
[12:00:40] [main/DEBUG] [FML/]: Coremod plugin class RelocationPlugin run successfully
[12:00:40] [main/INFO] [LaunchWrapper/]: Calling tweak class cpw.mods.fml.relauncher.CoreModManager$FMLPluginWrapper
[12:00:40] [main/DEBUG] [FML/]: Injecting coremod IC2core {ic2.core.coremod.IC2core} class transformers
[12:00:40] [main/DEBUG] [FML/]: Injection complete
[12:00:40] [main/DEBUG] [FML/]: Running coremod plugin for IC2core {ic2.core.coremod.IC2core}
[12:00:40] [main/DEBUG] [FML/]: Running coremod plugin IC2core
[12:00:40] [main/INFO] [IC2-core/]: Loaded library EJML-core-0.26.jar.
[12:00:40] [main/DEBUG] [FML/]: Coremod plugin class IC2core run successfully
[12:00:40] [main/INFO] [LaunchWrapper/]: Calling tweak class cpw.mods.fml.relauncher.CoreModManager$FMLPluginWrapper
[12:00:40] [main/DEBUG] [FML/]: Injecting coremod FMLPlugin {invtweaks.forge.asm.FMLPlugin} class transformers
[12:00:40] [main/TRACE] [FML/]: Registering transformer invtweaks.forge.asm.ContainerTransformer
[12:00:40] [main/DEBUG] [FML/]: Injection complete
[12:00:40] [main/DEBUG] [FML/]: Running coremod plugin for FMLPlugin {invtweaks.forge.asm.FMLPlugin}
[12:00:40] [main/DEBUG] [FML/]: Running coremod plugin FMLPlugin
[12:00:40] [main/DEBUG] [FML/]: Coremod plugin class FMLPlugin run successfully
[12:00:40] [main/INFO] [LaunchWrapper/]: Calling tweak class cpw.mods.fml.relauncher.CoreModManager$FMLPluginWrapper
[12:00:40] [main/DEBUG] [FML/]: Injecting coremod LoadingHook {mekanism.common.asm.LoadingHook} class transformers
[12:00:40] [main/DEBUG] [FML/]: Injection complete
[12:00:40] [main/DEBUG] [FML/]: Running coremod plugin for LoadingHook {mekanism.common.asm.LoadingHook}
[12:00:40] [main/DEBUG] [FML/]: Running coremod plugin LoadingHook
[12:00:40] [main/DEBUG] [FML/]: Coremod plugin class LoadingHook run successfully
[12:00:40] [main/INFO] [LaunchWrapper/]: Calling tweak class cpw.mods.fml.relauncher.CoreModManager$FMLPluginWrapper
[12:00:40] [main/DEBUG] [FML/]: Injecting coremod MicdoodlePlugin {micdoodle8.mods.miccore.MicdoodlePlugin} class transformers
[12:00:40] [main/INFO] [STDOUT/]: [micdoodle8.mods.miccore.MicdoodlePlugin:getASMTransformerClass:102]: Successfully Registered Transformer
[12:00:40] [main/TRACE] [FML/]: Registering transformer micdoodle8.mods.miccore.MicdoodleTransformer
[12:00:40] [main/DEBUG] [FML/]: Injection complete
[12:00:40] [main/DEBUG] [FML/]: Running coremod plugin for MicdoodlePlugin {micdoodle8.mods.miccore.MicdoodlePlugin}
[12:00:40] [main/DEBUG] [FML/]: Running coremod plugin MicdoodlePlugin
[12:00:41] [main/INFO] [STDOUT/]: [micdoodle8.mods.miccore.MicdoodlePlugin:injectData:295]: [Micdoodle8Core]: Patching game...
[12:00:41] [main/INFO] [STDOUT/]: [micdoodle8.mods.miccore.MicdoodlePlugin:injectData:295]: [Micdoodle8Core]: Patching game...
[12:00:41] [main/DEBUG] [FML/]: Coremod plugin class MicdoodlePlugin run successfully
[12:00:41] [main/INFO] [LaunchWrapper/]: Calling tweak class cpw.mods.fml.relauncher.CoreModManager$FMLPluginWrapper
[12:00:41] [main/DEBUG] [FML/]: Injecting coremod CorePlugin {mrtjp.core.handler.CorePlugin} class transformers
[12:00:41] [main/DEBUG] [FML/]: Injection complete
[12:00:41] [main/DEBUG] [FML/]: Running coremod plugin for CorePlugin {mrtjp.core.handler.CorePlugin}
[12:00:41] [main/DEBUG] [FML/]: Running coremod plugin CorePlugin
[12:00:41] [main/DEBUG] [FML/]: Coremod plugin class CorePlugin run successfully
[12:00:41] [main/INFO] [LaunchWrapper/]: Calling tweak class cpw.mods.fml.relauncher.CoreModManager$FMLPluginWrapper
[12:00:41] [main/DEBUG] [FML/]: Injecting coremod NEICorePlugin {codechicken.nei.asm.NEICorePlugin} class transformers
[12:00:41] [main/TRACE] [FML/]: Registering transformer codechicken.nei.asm.NEITransformer
[12:00:41] [main/DEBUG] [FML/]: Injection complete
[12:00:41] [main/DEBUG] [FML/]: Running coremod plugin for NEICorePlugin {codechicken.nei.asm.NEICorePlugin}
[12:00:41] [main/DEBUG] [FML/]: Running coremod plugin NEICorePlugin
[12:00:41] [main/DEBUG] [FML/]: Coremod plugin class NEICorePlugin run successfully
[12:00:41] [main/INFO] [LaunchWrapper/]: Calling tweak class cpw.mods.fml.relauncher.CoreModManager$FMLPluginWrapper
[12:00:41] [main/DEBUG] [FML/]: Injecting coremod DepLoader {codechicken.core.launch.DepLoader} class transformers
[12:00:41] [main/DEBUG] [FML/]: Injection complete
[12:00:41] [main/DEBUG] [FML/]: Running coremod plugin for DepLoader {codechicken.core.launch.DepLoader}
[12:00:41] [main/DEBUG] [FML/]: Running coremod plugin DepLoader
[12:00:41] [main/DEBUG] [FML/]: Coremod plugin class DepLoader run successfully
[12:00:41] [main/INFO] [LaunchWrapper/]: Calling tweak class forestry.shade.javacheck.Java7Checker
[12:00:41] [main/INFO] [LaunchWrapper/]: Calling tweak class cpw.mods.fml.relauncher.CoreModManager$FMLPluginWrapper
[12:00:41] [main/DEBUG] [FML/]: Injecting coremod OpenModsCorePlugin {openmods.core.OpenModsCorePlugin} class transformers
[12:00:41] [main/TRACE] [FML/]: Registering transformer openmods.core.OpenModsClassTransformer
[12:00:41] [main/DEBUG] [FML/]: Injection complete
[12:00:41] [main/DEBUG] [FML/]: Running coremod plugin for OpenModsCorePlugin {openmods.core.OpenModsCorePlugin}
[12:00:41] [main/DEBUG] [FML/]: Running coremod plugin OpenModsCorePlugin
[12:00:41] [main/DEBUG] [OpenMods/]: openmods.config.simple.ConfigProcessor.process(ConfigProcessor.java:83): Parsing config file 'D:\Hopík\Dokumenty D\MultiMC\instances\FutureCraft 2\.minecraft\config\OpenModsLibCore.json'
[12:00:41] [main/TRACE] [OpenMods/]: openmods.utils.StateTracker$StateUpdater.update(StateTracker.java:26): State of gl_capabilities_hook updated from DISABLED to ENABLED
[12:00:41] [main/TRACE] [OpenMods/]: openmods.utils.StateTracker$StateUpdater.update(StateTracker.java:26): State of player_render_hook updated from DISABLED to ENABLED
[12:00:41] [main/TRACE] [OpenMods/]: openmods.utils.StateTracker$StateUpdater.update(StateTracker.java:26): State of map_gen_fix updated from DISABLED to ENABLED
[12:00:41] [main/TRACE] [OpenMods/]: openmods.utils.StateTracker$StateUpdater.update(StateTracker.java:26): State of player_damage_hook updated from DISABLED to ENABLED
[12:00:41] [main/TRACE] [OpenMods/]: openmods.utils.StateTracker$StateUpdater.update(StateTracker.java:26): State of movement_callback updated from DISABLED to ENABLED
[12:00:41] [main/TRACE] [OpenMods/]: openmods.utils.StateTracker$StateUpdater.update(StateTracker.java:26): State of stencil_patches updated from DISABLED to ENABLED
[12:00:41] [main/DEBUG] [FML/]: Coremod plugin class OpenModsCorePlugin run successfully
[12:00:41] [main/INFO] [LaunchWrapper/]: Calling tweak class cpw.mods.fml.relauncher.CoreModManager$FMLPluginWrapper
[12:00:41] [main/DEBUG] [FML/]: Injecting coremod OpenBlocksCorePlugin {openblocks.OpenBlocksCorePlugin} class transformers
[12:00:41] [main/TRACE] [FML/]: Registering transformer openblocks.asm.OpenBlocksClassTransformer
[12:00:41] [main/DEBUG] [FML/]: Injection complete
[12:00:41] [main/DEBUG] [FML/]: Running coremod plugin for OpenBlocksCorePlugin {openblocks.OpenBlocksCorePlugin}
[12:00:41] [main/DEBUG] [FML/]: Running coremod plugin OpenBlocksCorePlugin
[12:00:41] [main/DEBUG] [FML/]: Coremod plugin class OpenBlocksCorePlugin run successfully
[12:00:41] [main/INFO] [LaunchWrapper/]: Calling tweak class me.guichaguri.betterfps.tweaker.BetterFpsTweaker
[12:00:41] [main/INFO] [LaunchWrapper/]: Calling tweak class cpw.mods.fml.common.launcher.FMLDeobfTweaker
[12:00:41] [main/DEBUG] [FML/]: Loaded 57 rules from AccessTransformer config file fml_at.cfg
[12:00:41] [main/DEBUG] [FML/]: Loaded 89 rules from AccessTransformer config file forge_at.cfg
[12:00:41] [main/DEBUG] [FML/]: Loaded 6 rules from AccessTransformer config file aroma1997core_at.cfg
[12:00:41] [main/DEBUG] [FML/]: Loaded 57 rules from AccessTransformer config file fml_at.cfg
[12:00:41] [main/DEBUG] [FML/]: Loaded 9 rules from AccessTransformer config file invtweaks_at.cfg
[12:00:41] [main/DEBUG] [FML/]: Loaded 5 rules from AccessTransformer config file malisiscore_at.cfg
[12:00:41] [main/DEBUG] [FML/]: Loaded 30 rules from AccessTransformer config file micdoodlecore_at.cfg
[12:00:41] [main/DEBUG] [FML/]: Loaded 5 rules from AccessTransformer mod jar file D:\Hopík\Dokumenty D\MultiMC\instances\FutureCraft 2\.minecraft\mods\ChickenChunks-1.7.10-1.3.4.19-universal.jar!META-INF/chickenchunks_at.cfg

[12:00:41] [main/DEBUG] [FML/]: Loaded 1 rules from AccessTransformer mod jar file D:\Hopík\Dokumenty D\MultiMC\instances\FutureCraft 2\.minecraft\mods\ResourceLoader-MC1.7.10-1.3.jar!META-INF/ResourceLoader_At.cfg

[12:00:41] [main/DEBUG] [FML/]: Loaded 11 rules from AccessTransformer mod jar file D:\Hopík\Dokumenty D\MultiMC\instances\FutureCraft 2\.minecraft\mods\NotEnoughItems-1.7.10-1.0.5.120-universal.jar!META-INF/nei_at.cfg

[12:00:41] [main/DEBUG] [FML/]: Loaded 4 rules from AccessTransformer mod jar file D:\Hopík\Dokumenty D\MultiMC\instances\FutureCraft 2\.minecraft\mods\Chisel-2.9.5.11.jar!META-INF/chisel_compile_at.cfg

[12:00:41] [main/DEBUG] [FML/]: Loaded 7 rules from AccessTransformer mod jar file D:\Hopík\Dokumenty D\MultiMC\instances\FutureCraft 2\.minecraft\mods\craftingtweaks-mc1.7.10-1.0.88.jar!META-INF/craftingtweaks_at.cfg

[12:00:41] [main/DEBUG] [FML/]: Loaded 6 rules from AccessTransformer mod jar file D:\Hopík\Dokumenty D\MultiMC\instances\FutureCraft 2\.minecraft\mods\ThermalDynamics-[1.7.10]1.2.1-172.jar!META-INF/tdynamics_at.cfg

[12:00:41] [main/DEBUG] [FML/]: Loaded 60 rules from AccessTransformer mod jar file D:\Hopík\Dokumenty D\MultiMC\instances\FutureCraft 2\.minecraft\mods\iChunUtil-4.2.3.jar!META-INF/iChunUtil_at.cfg

[12:00:41] [main/DEBUG] [FML/]: Loaded 8 rules from AccessTransformer mod jar file D:\Hopík\Dokumenty D\MultiMC\instances\FutureCraft 2\.minecraft\mods\ImmersiveEngineering-0.7.7.jar!META-INF/ImmersiveEngineering_at.cfg

[12:00:41] [main/DEBUG] [FML/]: Loaded 3 rules from AccessTransformer mod jar file D:\Hopík\Dokumenty D\MultiMC\instances\FutureCraft 2\.minecraft\mods\Numina-0.4.1.106.jar!META-INF/numina_at.cfg

[12:00:41] [main/DEBUG] [FML/]: Loaded 3 rules from AccessTransformer mod jar file D:\Hopík\Dokumenty D\MultiMC\instances\FutureCraft 2\.minecraft\mods\ModularPowersuits-1.7.10-0.11.1.117.jar!META-INF/numina_at.cfg

[12:00:41] [main/DEBUG] [FML/]: Loaded 19 rules from AccessTransformer mod jar file D:\Hopík\Dokumenty D\MultiMC\instances\FutureCraft 2\.minecraft\mods\CustomMainMenu-MC1.7.10-1.9.2.jar!META-INF/CustomMainMenu_At.cfg

[12:00:41] [main/DEBUG] [FML/]: Loaded 31 rules from AccessTransformer mod jar file D:\Hopík\Dokumenty D\MultiMC\instances\FutureCraft 2\.minecraft\mods\TConstruct-1.7.10-1.8.8.jar!META-INF/TConstruct_at.cfg

[12:00:41] [main/DEBUG] [FML/]: Loaded 5 rules from AccessTransformer mod jar file D:\Hopík\Dokumenty D\MultiMC\instances\FutureCraft 2\.minecraft\mods\SimplyJetpacks-MC1.7.10-1.5.3.jar!META-INF/simplyjetpacks_at.cfg

[12:00:41] [main/DEBUG] [FML/]: Loaded 1 rules from AccessTransformer mod jar file D:\Hopík\Dokumenty D\MultiMC\instances\FutureCraft 2\.minecraft\mods\Decocraft-2.4.2_1.7.10.jar!META-INF/decocraft_at.cfg

[12:00:41] [main/DEBUG] [FML/]: Validating minecraft
[12:00:41] [main/DEBUG] [FML/]: Minecraft validated, launching...
[12:00:41] [main/INFO] [LaunchWrapper/]: Calling tweak class cpw.mods.fml.relauncher.CoreModManager$FMLPluginWrapper
[12:00:41] [main/DEBUG] [FML/]: Injecting coremod Brandon's Core {com.brandon3055.brandonscore.asm.LoadingPlugin} class transformers
[12:00:41] [main/TRACE] [FML/]: Registering transformer com.brandon3055.brandonscore.asm.ClassTransformer
[12:00:41] [main/DEBUG] [FML/]: Injection complete
[12:00:41] [main/DEBUG] [FML/]: Running coremod plugin for Brandon's Core {com.brandon3055.brandonscore.asm.LoadingPlugin}
[12:00:41] [main/DEBUG] [FML/]: Running coremod plugin Brandon's Core
[12:00:41] [main/DEBUG] [FML/]: Coremod plugin class LoadingPlugin run successfully
[12:00:41] [main/INFO] [LaunchWrapper/]: Calling tweak class cpw.mods.fml.relauncher.CoreModManager$FMLPluginWrapper
[12:00:41] [main/DEBUG] [FML/]: Injecting coremod LoadingPlugin {cofh.asm.LoadingPlugin} class transformers
[12:00:41] [main/TRACE] [FML/]: Registering transformer cofh.asm.CoFHClassTransformer
[12:00:41] [main/DEBUG] [FML/]: Injection complete
[12:00:41] [main/DEBUG] [FML/]: Running coremod plugin for LoadingPlugin {cofh.asm.LoadingPlugin}
[12:00:41] [main/DEBUG] [FML/]: Running coremod plugin LoadingPlugin
[12:00:41] [main/DEBUG] [CoFHASM/]: Adding CoFHAT: MFR_at.cfg from: MineFactoryReloaded-[1.7.10]2.8.1-174.jar
[12:00:41] [main/DEBUG] [FML/]: Coremod plugin class LoadingPlugin run successfully
[12:00:41] [main/INFO] [LaunchWrapper/]: Calling tweak class cpw.mods.fml.relauncher.CoreModManager$FMLPluginWrapper
[12:00:41] [main/DEBUG] [FML/]: Injecting coremod CraftingTweaks {net.blay09.mods.craftingtweaks.coremod.CraftingTweaksLoadingPlugin} class transformers
[12:00:41] [main/TRACE] [FML/]: Registering transformer net.blay09.mods.craftingtweaks.coremod.GuiScreenClassTransformer
[12:00:41] [main/DEBUG] [FML/]: Injection complete
[12:00:41] [main/DEBUG] [FML/]: Running coremod plugin for CraftingTweaks {net.blay09.mods.craftingtweaks.coremod.CraftingTweaksLoadingPlugin}
[12:00:41] [main/DEBUG] [FML/]: Running coremod plugin CraftingTweaks
[12:00:41] [main/DEBUG] [FML/]: Coremod plugin class CraftingTweaksLoadingPlugin run successfully
[12:00:41] [main/INFO] [LaunchWrapper/]: Calling tweak class cpw.mods.fml.relauncher.CoreModManager$FMLPluginWrapper
[12:00:41] [main/DEBUG] [FML/]: Injecting coremod FldLoadingPlugin {com.olafski.fastleafdecay.FldLoadingPlugin} class transformers
[12:00:41] [main/TRACE] [FML/]: Registering transformer com.olafski.fastleafdecay.FldTransformer
[12:00:41] [main/DEBUG] [FML/]: Injection complete
[12:00:41] [main/DEBUG] [FML/]: Running coremod plugin for FldLoadingPlugin {com.olafski.fastleafdecay.FldLoadingPlugin}
[12:00:41] [main/DEBUG] [FML/]: Running coremod plugin FldLoadingPlugin
[12:00:41] [main/DEBUG] [FML/]: Coremod plugin class FldLoadingPlugin run successfully
[12:00:41] [main/INFO] [LaunchWrapper/]: Calling tweak class cpw.mods.fml.relauncher.CoreModManager$FMLPluginWrapper
[12:00:41] [main/DEBUG] [FML/]: Injecting coremod MalisisCorePlugin {net.malisis.core.asm.MalisisCorePlugin} class transformers
[12:00:41] [main/TRACE] [FML/]: Registering transformer net.malisis.core.util.chunkcollision.ChunkCollisionTransformer
[12:00:41] [main/INFO] [malisiscore/]: [ChunkCollisionTransformer] Hook registered for net.minecraft.world.World
[12:00:41] [main/INFO] [malisiscore/]: [ChunkCollisionTransformer] Hook registered for net.minecraft.world.World
[12:00:41] [main/INFO] [malisiscore/]: [ChunkCollisionTransformer] Hook registered for net.minecraft.item.ItemBlock
[12:00:41] [main/INFO] [malisiscore/]: [ChunkCollisionTransformer] Hook registered for net.minecraft.network.NetHandlerPlayServer
[12:00:41] [main/TRACE] [FML/]: Registering transformer net.malisis.core.util.chunkblock.ChunkBlockTransformer
[12:00:41] [main/INFO] [malisiscore/]: [ChunkBlockTransformer] Hook registered for net.minecraft.world.chunk.Chunk
[12:00:41] [main/DEBUG] [FML/]: Injection complete
[12:00:41] [main/DEBUG] [FML/]: Running coremod plugin for MalisisCorePlugin {net.malisis.core.asm.MalisisCorePlugin}
[12:00:41] [main/DEBUG] [FML/]: Running coremod plugin MalisisCorePlugin
[12:00:41] [main/DEBUG] [FML/]: Coremod plugin class MalisisCorePlugin run successfully
[12:00:41] [main/INFO] [LaunchWrapper/]: Calling tweak class cpw.mods.fml.relauncher.CoreModManager$FMLPluginWrapper
[12:00:41] [main/DEBUG] [FML/]: Injecting coremod RTLoadingPlugin {lumien.randomthings.Transformer.RTLoadingPlugin} class transformers
[12:00:41] [main/TRACE] [FML/]: Registering transformer lumien.randomthings.Transformer.RTClassTransformer
[12:00:41] [main/DEBUG] [FML/]: Injection complete
[12:00:41] [main/DEBUG] [FML/]: Running coremod plugin for RTLoadingPlugin {lumien.randomthings.Transformer.RTLoadingPlugin}
[12:00:41] [main/DEBUG] [FML/]: Running coremod plugin RTLoadingPlugin
[12:00:41] [main/DEBUG] [FML/]: Coremod plugin class RTLoadingPlugin run successfully
[12:00:41] [main/INFO] [LaunchWrapper/]: Calling tweak class cpw.mods.fml.relauncher.CoreModManager$FMLPluginWrapper
[12:00:41] [main/DEBUG] [FML/]: Injecting coremod LoadingPlugin {lumien.resourceloader.asm.LoadingPlugin} class transformers
[12:00:41] [main/TRACE] [FML/]: Registering transformer lumien.resourceloader.asm.ClassTransformer
[12:00:41] [main/DEBUG] [FML/]: Injection complete
[12:00:41] [main/DEBUG] [FML/]: Running coremod plugin for LoadingPlugin {lumien.resourceloader.asm.LoadingPlugin}
[12:00:41] [main/DEBUG] [FML/]: Running coremod plugin LoadingPlugin
[12:00:41] [main/DEBUG] [FML/]: Coremod plugin class LoadingPlugin run successfully
[12:00:41] [main/INFO] [LaunchWrapper/]: Calling tweak class shadersmodcore.loading.SMCTweaker
[12:00:41] [main/INFO] [LaunchWrapper/]: Calling tweak class cpw.mods.fml.relauncher.CoreModManager$FMLPluginWrapper
[12:00:41] [main/DEBUG] [FML/]: Injecting coremod LoadingScreenLoadPlugin {alexiil.mods.load.coremod.LoadingScreenLoadPlugin} class transformers
[12:00:41] [main/TRACE] [FML/]: Registering transformer alexiil.mods.load.coremod.BetterLoadingScreenTransformer
[12:00:41] [main/DEBUG] [FML/]: Injection complete
[12:00:41] [main/DEBUG] [FML/]: Running coremod plugin for LoadingScreenLoadPlugin {alexiil.mods.load.coremod.LoadingScreenLoadPlugin}
[12:00:41] [main/DEBUG] [FML/]: Running coremod plugin LoadingScreenLoadPlugin
[12:00:41] [main/INFO] [STDOUT/]: [alexiil.mods.load.Translation:addTranslation:102]: Adding locale ru_RU
[12:00:41] [main/INFO] [STDOUT/]: [alexiil.mods.load.Translation:<init>:120]: Found a translation [betterloadingscreen.state.minecraft_init, ????????????? ???????? Minecraft]
[12:00:41] [main/INFO] [STDOUT/]: [alexiil.mods.load.Translation:<init>:120]: Found a translation [betterloadingscreen.state.construction, ??????]
[12:00:41] [main/INFO] [STDOUT/]: [alexiil.mods.load.Translation:<init>:120]: Found a translation [betterloadingscreen.state.pre_initialization, ???-?????????????]
[12:00:41] [main/INFO] [STDOUT/]: [alexiil.mods.load.Translation:<init>:120]: Found a translation [betterloadingscreen.state.initialization, ?????????????]
[12:00:41] [main/INFO] [STDOUT/]: [alexiil.mods.load.Translation:<init>:120]: Found a translation [betterloadingscreen.state.post_initialization, ????-?????????????]
[12:00:41] [main/INFO] [STDOUT/]: [alexiil.mods.load.Translation:<init>:120]: Found a translation [betterloadingscreen.state.completed, ?????????]
[12:00:41] [main/INFO] [STDOUT/]: [alexiil.mods.load.Translation:<init>:120]: Found a translation [betterloadingscreen.state.reloading_resource_packs, ????????????? ?????? ????????]
[12:00:41] [main/INFO] [STDOUT/]: [alexiil.mods.load.Translation:<init>:120]: Found a translation [betterloadingscreen.loading, ?????????]
[12:00:41] [main/INFO] [STDOUT/]: [alexiil.mods.load.Translation:addTranslation:102]: Adding locale en_US
[12:00:41] [main/INFO] [STDOUT/]: [alexiil.mods.load.Translation:<init>:120]: Found a translation [betterloadingscreen.state.minecraft_init, Minecraft Initializing]
[12:00:41] [main/INFO] [STDOUT/]: [alexiil.mods.load.Translation:<init>:120]: Found a translation [betterloadingscreen.state.construction, Construction]
[12:00:41] [main/INFO] [STDOUT/]: [alexiil.mods.load.Translation:<init>:120]: Found a translation [betterloadingscreen.state.pre_initialization, Pre Initialization]
[12:00:41] [main/INFO] [STDOUT/]: [alexiil.mods.load.Translation:<init>:120]: Found a translation [betterloadingscreen.state.initialization, Initialization]
[12:00:41] [main/INFO] [STDOUT/]: [alexiil.mods.load.Translation:<init>:120]: Found a translation [betterloadingscreen.state.post_initialization, Post Initialization]
[12:00:41] [main/INFO] [STDOUT/]: [alexiil.mods.load.Translation:<init>:120]: Found a translation [betterloadingscreen.state.completed, Completed]
[12:00:41] [main/INFO] [STDOUT/]: [alexiil.mods.load.Translation:<init>:120]: Found a translation [betterloadingscreen.state.reloading_resource_packs, Reloading Resource Packs]
[12:00:41] [main/INFO] [STDOUT/]: [alexiil.mods.load.Translation:<init>:120]: Found a translation [betterloadingscreen.loading, loading]
[12:00:41] [main/INFO] [STDOUT/]: [alexiil.mods.load.Translation:<init>:117]: Found an invalid line ()
[12:00:41] [main/INFO] [STDOUT/]: [alexiil.mods.load.Translation:<init>:120]: Found a translation [alexiillib.gui.contributors, Contributors]
[12:00:41] [main/INFO] [STDOUT/]: [alexiil.mods.load.Translation:<init>:120]: Found a translation [alexiillib.gui.commits, Changelog history]
[12:00:41] [main/INFO] [STDOUT/]: [alexiil.mods.load.Translation:<init>:120]: Found a translation [alexiillib.gui.connectExternallyDisabled, Connect externally has been disabled, so the contributors list and changelog could not be fetched]
[12:00:41] [main/INFO] [STDOUT/]: [alexiil.mods.load.Translation:<init>:117]: Found an invalid line ()
[12:00:41] [main/INFO] [STDOUT/]: [alexiil.mods.load.Translation:<init>:120]: Found a translation [alexiillib.config.title, Main Configuration File]
[12:00:41] [main/INFO] [STDOUT/]: [alexiil.mods.load.Translation:<init>:120]: Found a translation [alexiillib.config.button, Edit the main configuration]
[12:00:41] [main/INFO] [STDOUT/]: [alexiil.mods.load.Translation:<init>:120]: Found a translation [alexiillib.config.tech.title, Technology tree]
[12:00:41] [main/INFO] [STDOUT/]: [alexiil.mods.load.Translation:<init>:120]: Found a translation [alexiillib.config.tech.button, Edit the technology tree]
[12:00:41] [main/INFO] [STDOUT/]: [alexiil.mods.load.Translation:<init>:120]: Found a translation [alexiillib.config.help, Help, why is this not a configuration? And what do all the colours mean?]
[12:00:41] [main/INFO] [STDOUT/]: [alexiil.mods.load.Translation:<init>:120]: Found a translation [alexiillib.config.closeHelp, Close Help]
[12:00:41] [main/INFO] [STDOUT/]: [alexiil.mods.load.Translation:<init>:117]: Found an invalid line ()
[12:00:41] [main/INFO] [STDOUT/]: [alexiil.mods.load.Translation:<init>:120]: Found a translation [#This is a list, so adding "civcraft.gui.config.help3, ..." is fine (and etc) ]
[12:00:41] [main/INFO] [STDOUT/]: [alexiil.mods.load.Translation:<init>:120]: Found a translation [alexiillib.gui.config.help.0, The config can be accessed by the buttons at the top left (don't worry, the configs are still there)]
[12:00:41] [main/INFO] [STDOUT/]: [alexiil.mods.load.Translation:<init>:120]: Found a translation [alexiillib.gui.config.help.1, On the left side is a list of all the people who have put some time and effort into this mod]
[12:00:41] [main/INFO] [STDOUT/]: [alexiil.mods.load.Translation:<init>:120]: Found a translation [alexiillib.gui.config.help.2, On the right side is a changelog of this mod, where gold represents the current version you are using, blue is the start of a new changelog, and green is when a built jar is available on CurseForge.]
[12:00:41] [main/DEBUG] [FML/]: Coremod plugin class LoadingScreenLoadPlugin run successfully
[12:00:41] [main/INFO] [LaunchWrapper/]: Calling tweak class cpw.mods.fml.relauncher.CoreModManager$FMLPluginWrapper
[12:00:41] [main/DEBUG] [FML/]: Injecting coremod EnderCorePlugin {com.enderio.core.common.transform.EnderCorePlugin} class transformers
[12:00:41] [main/TRACE] [FML/]: Registering transformer com.enderio.core.common.transform.EnderCoreTransformer
[12:00:41] [main/TRACE] [FML/]: Registering transformer com.enderio.core.common.transform.EnderCoreTransformerClient
[12:00:41] [main/DEBUG] [FML/]: Injection complete
[12:00:41] [main/DEBUG] [FML/]: Running coremod plugin for EnderCorePlugin {com.enderio.core.common.transform.EnderCorePlugin}
[12:00:41] [main/DEBUG] [FML/]: Running coremod plugin EnderCorePlugin
[12:00:41] [main/DEBUG] [FML/]: Coremod plugin class EnderCorePlugin run successfully
[12:00:41] [main/INFO] [LaunchWrapper/]: Loading tweak class name cpw.mods.fml.common.launcher.TerminalTweaker
[12:00:41] [main/INFO] [LaunchWrapper/]: Calling tweak class cpw.mods.fml.common.launcher.TerminalTweaker
[12:00:41] [main/INFO] [LaunchWrapper/]: Launching wrapped minecraft {net.minecraft.client.main.Main}
[12:00:41] [main/INFO] [me.guichaguri.betterfps.transformers.EventTransformer/]: Patching Game Start...
[12:00:41] [main/DEBUG] [ResourceLoader/]: Found Minecraft Class: net/minecraft/client/Minecraft
[12:00:41] [main/DEBUG] [ResourceLoader/]:  - Found refreshResources 1/2
[12:00:41] [main/DEBUG] [ResourceLoader/]:  - Patched refreshResources 2/2
[12:00:41] [main/INFO] [net.blay09.mods.craftingtweaks.coremod.GuiScreenClassTransformer/]: CraftingTweaks will now patch func_146274_d in bdw...
[12:00:41] [main/INFO] [net.blay09.mods.craftingtweaks.coremod.GuiScreenClassTransformer/]: CraftingTweaks successfully patched func_146274_d in bdw!
[12:00:42] [main/INFO] [STDOUT/]: [alexiil.mods.load.coremod.BetterLoadingScreenTransformer:transformMinecraft:119]: Transformed Minecraft
[12:00:42] [main/INFO] [STDOUT/]: [micdoodle8.mods.miccore.MicdoodleTransformer:printLog:1992]: Galacticraft successfully injected bytecode into: ahb (1 / 1)
[12:00:42] [main/INFO] [malisiscore/]: Found hooks for net.minecraft.world.World (ahb)
[12:00:42] [main/INFO] [RandomThingsCore/]: Found World Class: net/minecraft/world/World
[12:00:42] [main/INFO] [STDOUT/]: [micdoodle8.mods.miccore.MicdoodleTransformer:printLog:1992]: Galacticraft successfully injected bytecode into: bdi (1 / 1)
[12:00:42] [main/DEBUG] [OpenMods/]: openmods.core.OpenModsClassTransformer$7$1.createVisitor(OpenModsClassTransformer.java:194): Trying to patch EntityPlayer (class: yz)
[12:00:42] [main/TRACE] [OpenMods/]: openmods.utils.StateTracker$StateUpdater.update(StateTracker.java:26): State of player_damage_hook updated from ENABLED to ACTIVATED
[12:00:42] [main/TRACE] [OpenMods/]: openmods.utils.StateTracker$StateUpdater.update(StateTracker.java:26): State of player_damage_hook updated from ACTIVATED to FINISHED
[12:00:42] [main/DEBUG] [OpenMods/]: openblocks.asm.OpenBlocksClassTransformer$1.createVisitor(OpenBlocksClassTransformer.java:19): Trying to patch EntityPlayer.isInBed (class: yz)
[12:00:42] [main/DEBUG] [OpenMods/]: openblocks.asm.EntityPlayerVisitor$HookMethodVisitor.visitCode(EntityPlayerVisitor.java:30): isInBed patch applied. Enabling sleeping bags
[12:00:42] [main/INFO] [STDOUT/]: [micdoodle8.mods.miccore.MicdoodleTransformer:printLog:1992]: Galacticraft successfully injected bytecode into: sv (1 / 1)
[12:00:42] [main/INFO] [STDOUT/]: [micdoodle8.mods.miccore.MicdoodleTransformer:printLog:1992]: Galacticraft successfully injected bytecode into: sa (1 / 1)
[12:00:42] [main/DEBUG] [OpenMods/]: openmods.core.OpenModsClassTransformer$2$1.createVisitor(OpenModsClassTransformer.java:104): Trying to apply movement callback (class: blk)
[12:00:42] [main/TRACE] [OpenMods/]: openmods.utils.StateTracker$StateUpdater.update(StateTracker.java:26): State of movement_callback updated from ENABLED to ACTIVATED
[12:00:42] [main/DEBUG] [OpenMods/]: openmods.movement.MovementPatcher$CallInjector.visitMethodInsn(MovementPatcher.java:67): Callback inserted. Using new movement handler.
[12:00:42] [main/TRACE] [OpenMods/]: openmods.utils.StateTracker$StateUpdater.update(StateTracker.java:26): State of movement_callback updated from ACTIVATED to FINISHED
[12:00:42] [main/DEBUG] [CCL ASM/]: Inserted super call into [bfo.e()V]
[12:00:42] [main/DEBUG] [CCL ASM/]: Writing method [bex.a(Lbao;II)V]
[12:00:42] [main/DEBUG] [CCL ASM/]: Writing method [bex.l()V]
[12:00:42] [main/DEBUG] [CCL ASM/]: Writing method [bex.l()V]
[12:00:42] [main/DEBUG] [CCL ASM/]: Writing method [bex.l()V]
[12:00:42] [main/DEBUG] [CCL ASM/]: Writing method [bex.k()V]
[12:00:42] [main/DEBUG] [CCL ASM/]: Writing method [bex.public_func_73869_a(CI)V]
[12:00:42] [main/DEBUG] [CCL ASM/]: Writing method [bex.public_func_146984_a(Laay;III)V]
[12:00:42] [main/DEBUG] [CCL ASM/]: Injecting before method [bex.a(IIF)V]
[12:00:42] [main/DEBUG] [CCL ASM/]: Injecting after method [bex.a(IIF)V] @ 138 - 140
[12:00:42] [main/DEBUG] [CCL ASM/]: Injecting after method [bex.a(IIF)V] @ 220 - 225
[12:00:42] [main/DEBUG] [CCL ASM/]: Replacing method [bex.a(IIF)V] @ 444 - 470
[12:00:42] [main/DEBUG] [CCL ASM/]: Replacing method [bex.a(Ladd;IILjava/lang/String;)V] @ 9 - 10
[12:00:42] [main/DEBUG] [CCL ASM/]: Replacing method [bex.a(Ladd;IILjava/lang/String;)V] @ 14 - 15
[12:00:42] [main/DEBUG] [CCL ASM/]: Replacing method [bex.a(Laay;)V] @ 298 - 323
[12:00:42] [main/DEBUG] [CCL ASM/]: Injecting before method [bex.a(III)V]
[12:00:42] [main/DEBUG] [CCL ASM/]: Replacing method [bex.a(III)V] @ 259 - 260
[12:00:42] [main/DEBUG] [CCL ASM/]: Replacing method [bex.a(III)V] @ 331 - 332
[12:00:42] [main/DEBUG] [CCL ASM/]: Replacing method [bex.a(IIIJ)V] @ 98 - 99
[12:00:42] [main/DEBUG] [CCL ASM/]: Replacing method [bex.a(IIIJ)V] @ 107 - 108
[12:00:42] [main/DEBUG] [CCL ASM/]: Replacing method [bex.a(IIIJ)V] @ 118 - 119
[12:00:42] [main/DEBUG] [CCL ASM/]: Replacing method [bex.b(III)V] @ 158 - 159
[12:00:42] [main/DEBUG] [CCL ASM/]: Replacing method [bex.b(III)V] @ 168 - 169
[12:00:42] [main/DEBUG] [CCL ASM/]: Replacing method [bex.b(III)V] @ 287 - 288
[12:00:42] [main/DEBUG] [CCL ASM/]: Replacing method [bex.b(III)V] @ 295 - 296
[12:00:42] [main/DEBUG] [CCL ASM/]: Replacing method [bex.b(III)V] @ 314 - 315
[12:00:42] [main/DEBUG] [CCL ASM/]: Replacing method [bex.b(III)V] @ 424 - 425
[12:00:42] [main/DEBUG] [CCL ASM/]: Replacing method [bex.b(III)V] @ 454 - 455
[12:00:42] [main/DEBUG] [CCL ASM/]: Replacing method [bex.b(III)V] @ 468 - 469
[12:00:42] [main/DEBUG] [CCL ASM/]: Replacing method [bex.b(III)V] @ 497 - 498
[12:00:42] [main/DEBUG] [CCL ASM/]: Replacing method [bex.b(III)V] @ 557 - 559
[12:00:42] [main/DEBUG] [CCL ASM/]: Replacing method [bex.a(CI)V] @ 54 - 55
[12:00:42] [main/DEBUG] [CCL ASM/]: Replacing method [bex.a(CI)V] @ 84 - 85
[12:00:42] [main/DEBUG] [CCL ASM/]: Replacing method [bex.b(I)Z] @ 41 - 42
[12:00:42] [main/DEBUG] [CCL ASM/]: Writing method [bex.managerHandleMouseClick(Laay;III)V]
[12:00:42] [main/DEBUG] [CCL ASM/]: Injecting after method [bex.a(IIIJ)V] @ 14 - 15
[12:00:42] [main/DEBUG] [CCL ASM/]: Injecting before method [bex.b(III)V]
[12:00:42] [main/DEBUG] [CCL ASM/]: NEI: Injecting mouseUp call
[12:00:42] [main/DEBUG] [CCL ASM/]: Replacing method [bex.a(Laay;III)V] @ 10 - 26
[12:00:42] [main/DEBUG] [CCL ASM/]: Injecting before method [bex.a(CI)V]
[12:00:42] [main/DEBUG] [CCL ASM/]: Injecting after method [bex.e()V] @ 0 - 4
[12:00:42] [main/INFO] [AE2-CORE/]: func_146977_a(Lnet/minecraft/inventory/Slot;)V - Transformed
[12:00:42] [main/INFO] [AE2-CORE/]: func_146977_a_original(Lnet/minecraft/inventory/Slot;)V - New Method
[12:00:42] [main/INFO] [AE2-CORE/]: func_146977_a(Lnet/minecraft/inventory/Slot;)V - Invoke Virtual
[12:00:42] [main/DEBUG] [CCL ASM/]: Writing method [aji.canBeReplacedByLeaves(Lahl;III)Z]
[12:00:42] [main/INFO] [STDOUT/]: [micdoodle8.mods.miccore.MicdoodleTransformer:printLog:1992]: Galacticraft successfully injected bytecode into: xk (1 / 1)
[12:00:42] [main/INFO] [RandomThingsCore/]: Found Item Class: net/minecraft/item/Item
[12:00:43] [main/INFO] [FastLeafDecay/]: Patching leaves.
[12:00:43] [main/INFO] [FastLeafDecay/]: Found leaf Class: net/minecraft/block/BlockLeavesBase
[12:00:43] [main/INFO] [RandomThingsCore/]: Found Leave Class: net/minecraft/block/BlockLeavesBase
[12:00:43] [main/ERROR] [LaunchWrapper/]: Unable to launch
java.lang.reflect.InvocationTargetException
	at sun.reflect.NativeMethodAccessorImpl.invoke0(Native Method) ~[?:1.8.0_181]
	at sun.reflect.NativeMethodAccessorImpl.invoke(Unknown Source) ~[?:1.8.0_181]
	at sun.reflect.DelegatingMethodAccessorImpl.invoke(Unknown Source) ~[?:1.8.0_181]
	at java.lang.reflect.Method.invoke(Unknown Source) ~[?:1.8.0_181]
	at net.minecraft.launchwrapper.Launch.launch(Launch.java:135) [launchwrapper-1.12.jar:?]
	at net.minecraft.launchwrapper.Launch.main(Launch.java:28) [launchwrapper-1.12.jar:?]
	at sun.reflect.NativeMethodAccessorImpl.invoke0(Native Method) ~[?:1.8.0_181]
	at sun.reflect.NativeMethodAccessorImpl.invoke(Unknown Source) ~[?:1.8.0_181]
	at sun.reflect.DelegatingMethodAccessorImpl.invoke(Unknown Source) ~[?:1.8.0_181]
	at java.lang.reflect.Method.invoke(Unknown Source) ~[?:1.8.0_181]
	at org.multimc.onesix.OneSixLauncher.launchWithMainClass(OneSixLauncher.java:196) [NewLaunch.jar:?]
	at org.multimc.onesix.OneSixLauncher.launch(OneSixLauncher.java:231) [NewLaunch.jar:?]
	at org.multimc.EntryPoint.listen(EntryPoint.java:143) [NewLaunch.jar:?]
	at org.multimc.EntryPoint.main(EntryPoint.java:34) [NewLaunch.jar:?]
Caused by: java.lang.NoClassDefFoundError: net/minecraft/block/BlockOldLeaf
	at net.minecraft.block.Block.func_149671_p(Block.java:222) ~[aji.class:?]
	at net.minecraft.init.Bootstrap.func_151354_b(SourceFile:355) ~[kl.class:?]
	at net.minecraft.client.Minecraft.<init>(Minecraft.java:287) ~[bao.class:?]
	at net.minecraft.client.main.Main.main(SourceFile:129) ~[Main.class:?]
	... 14 more
Caused by: java.lang.ClassNotFoundException: net.minecraft.block.BlockOldLeaf
	at net.minecraft.launchwrapper.LaunchClassLoader.findClass(LaunchClassLoader.java:191) ~[launchwrapper-1.12.jar:?]
	at java.lang.ClassLoader.loadClass(Unknown Source) ~[?:1.8.0_181]
	at java.lang.ClassLoader.loadClass(Unknown Source) ~[?:1.8.0_181]
	at net.minecraft.block.Block.func_149671_p(Block.java:222) ~[aji.class:?]
	at net.minecraft.init.Bootstrap.func_151354_b(SourceFile:355) ~[kl.class:?]
	at net.minecraft.client.Minecraft.<init>(Minecraft.java:287) ~[bao.class:?]
	at net.minecraft.client.main.Main.main(SourceFile:129) ~[Main.class:?]
	... 14 more
Caused by: java.lang.RuntimeException: java.lang.ClassNotFoundException: net.minecraft.block.BlockLeaves
	at com.google.common.base.Throwables.propagate(Throwables.java:160) ~[guava-17.0.jar:?]
	at cofh.asm.CoFHAccessTransformer.transform(CoFHAccessTransformer.java:94) ~[CoFHCore-%5B1.7.10%5D3.1.4-329.jar:?]
	at net.minecraft.launchwrapper.LaunchClassLoader.runTransformers(LaunchClassLoader.java:279) ~[launchwrapper-1.12.jar:?]
	at net.minecraft.launchwrapper.LaunchClassLoader.findClass(LaunchClassLoader.java:176) ~[launchwrapper-1.12.jar:?]
	at java.lang.ClassLoader.loadClass(Unknown Source) ~[?:1.8.0_181]
	at java.lang.ClassLoader.loadClass(Unknown Source) ~[?:1.8.0_181]
	at net.minecraft.block.Block.func_149671_p(Block.java:222) ~[aji.class:?]
	at net.minecraft.init.Bootstrap.func_151354_b(SourceFile:355) ~[kl.class:?]
	at net.minecraft.client.Minecraft.<init>(Minecraft.java:287) ~[bao.class:?]
	at net.minecraft.client.main.Main.main(SourceFile:129) ~[Main.class:?]
	... 14 more
Caused by: java.lang.ClassNotFoundException: net.minecraft.block.BlockLeaves
	at net.minecraft.launchwrapper.LaunchClassLoader.findClass(LaunchClassLoader.java:191) ~[launchwrapper-1.12.jar:?]
	at java.lang.ClassLoader.loadClass(Unknown Source) ~[?:1.8.0_181]
	at java.lang.ClassLoader.loadClass(Unknown Source) ~[?:1.8.0_181]
	at java.lang.Class.forName0(Native Method) ~[?:1.8.0_181]
	at java.lang.Class.forName(Unknown Source) ~[?:1.8.0_181]
	at cofh.asm.CoFHAccessTransformer.transform(CoFHAccessTransformer.java:90) ~[CoFHCore-%5B1.7.10%5D3.1.4-329.jar:?]
	at net.minecraft.launchwrapper.LaunchClassLoader.runTransformers(LaunchClassLoader.java:279) ~[launchwrapper-1.12.jar:?]
	at net.minecraft.launchwrapper.LaunchClassLoader.findClass(LaunchClassLoader.java:176) ~[launchwrapper-1.12.jar:?]
	at java.lang.ClassLoader.loadClass(Unknown Source) ~[?:1.8.0_181]
	at java.lang.ClassLoader.loadClass(Unknown Source) ~[?:1.8.0_181]
	at net.minecraft.block.Block.func_149671_p(Block.java:222) ~[aji.class:?]
	at net.minecraft.init.Bootstrap.func_151354_b(SourceFile:355) ~[kl.class:?]
	at net.minecraft.client.Minecraft.<init>(Minecraft.java:287) ~[bao.class:?]
	at net.minecraft.client.main.Main.main(SourceFile:129) ~[Main.class:?]
	... 14 more
Caused by: java.lang.RuntimeException: java.lang.ClassNotFoundException: net.minecraft.block.BlockLeavesBase
	at com.google.common.base.Throwables.propagate(Throwables.java:160) ~[guava-17.0.jar:?]
	at cofh.asm.CoFHAccessTransformer.transform(CoFHAccessTransformer.java:94) ~[CoFHCore-%5B1.7.10%5D3.1.4-329.jar:?]
	at net.minecraft.launchwrapper.LaunchClassLoader.runTransformers(LaunchClassLoader.java:279) ~[launchwrapper-1.12.jar:?]
	at net.minecraft.launchwrapper.LaunchClassLoader.findClass(LaunchClassLoader.java:176) ~[launchwrapper-1.12.jar:?]
	at java.lang.ClassLoader.loadClass(Unknown Source) ~[?:1.8.0_181]
	at java.lang.ClassLoader.loadClass(Unknown Source) ~[?:1.8.0_181]
	at java.lang.Class.forName0(Native Method) ~[?:1.8.0_181]
	at java.lang.Class.forName(Unknown Source) ~[?:1.8.0_181]
	at cofh.asm.CoFHAccessTransformer.transform(CoFHAccessTransformer.java:90) ~[CoFHCore-%5B1.7.10%5D3.1.4-329.jar:?]
	at net.minecraft.launchwrapper.LaunchClassLoader.runTransformers(LaunchClassLoader.java:279) ~[launchwrapper-1.12.jar:?]
	at net.minecraft.launchwrapper.LaunchClassLoader.findClass(LaunchClassLoader.java:176) ~[launchwrapper-1.12.jar:?]
	at java.lang.ClassLoader.loadClass(Unknown Source) ~[?:1.8.0_181]
	at java.lang.ClassLoader.loadClass(Unknown Source) ~[?:1.8.0_181]
	at net.minecraft.block.Block.func_149671_p(Block.java:222) ~[aji.class:?]
	at net.minecraft.init.Bootstrap.func_151354_b(SourceFile:355) ~[kl.class:?]
	at net.minecraft.client.Minecraft.<init>(Minecraft.java:287) ~[bao.class:?]
	at net.minecraft.client.main.Main.main(SourceFile:129) ~[Main.class:?]
	... 14 more
Caused by: java.lang.ClassNotFoundException: net.minecraft.block.BlockLeavesBase
	at net.minecraft.launchwrapper.LaunchClassLoader.findClass(LaunchClassLoader.java:191) ~[launchwrapper-1.12.jar:?]
	at java.lang.ClassLoader.loadClass(Unknown Source) ~[?:1.8.0_181]
	at java.lang.ClassLoader.loadClass(Unknown Source) ~[?:1.8.0_181]
	at java.lang.Class.forName0(Native Method) ~[?:1.8.0_181]
	at java.lang.Class.forName(Unknown Source) ~[?:1.8.0_181]
	at cofh.asm.CoFHAccessTransformer.transform(CoFHAccessTransformer.java:90) ~[CoFHCore-%5B1.7.10%5D3.1.4-329.jar:?]
	at net.minecraft.launchwrapper.LaunchClassLoader.runTransformers(LaunchClassLoader.java:279) ~[launchwrapper-1.12.jar:?]
	at net.minecraft.launchwrapper.LaunchClassLoader.findClass(LaunchClassLoader.java:176) ~[launchwrapper-1.12.jar:?]
	at java.lang.ClassLoader.loadClass(Unknown Source) ~[?:1.8.0_181]
	at java.lang.ClassLoader.loadClass(Unknown Source) ~[?:1.8.0_181]
	at java.lang.Class.forName0(Native Method) ~[?:1.8.0_181]
	at java.lang.Class.forName(Unknown Source) ~[?:1.8.0_181]
	at cofh.asm.CoFHAccessTransformer.transform(CoFHAccessTransformer.java:90) ~[CoFHCore-%5B1.7.10%5D3.1.4-329.jar:?]
	at net.minecraft.launchwrapper.LaunchClassLoader.runTransformers(LaunchClassLoader.java:279) ~[launchwrapper-1.12.jar:?]
	at net.minecraft.launchwrapper.LaunchClassLoader.findClass(LaunchClassLoader.java:176) ~[launchwrapper-1.12.jar:?]
	at java.lang.ClassLoader.loadClass(Unknown Source) ~[?:1.8.0_181]
	at java.lang.ClassLoader.loadClass(Unknown Source) ~[?:1.8.0_181]
	at net.minecraft.block.Block.func_149671_p(Block.java:222) ~[aji.class:?]
	at net.minecraft.init.Bootstrap.func_151354_b(SourceFile:355) ~[kl.class:?]
	at net.minecraft.client.Minecraft.<init>(Minecraft.java:287) ~[bao.class:?]
	at net.minecraft.client.main.Main.main(SourceFile:129) ~[Main.class:?]
	... 14 more
Caused by: java.lang.ClassFormatError: Duplicate method name "func_149695_a" with signature "(Lnet.minecraft.world.World;IIILnet.minecraft.block.Block;)V" in class file net/minecraft/block/BlockLeavesBase
	at java.lang.ClassLoader.defineClass1(Native Method) ~[?:1.8.0_181]
	at java.lang.ClassLoader.defineClass(Unknown Source) ~[?:1.8.0_181]
	at java.security.SecureClassLoader.defineClass(Unknown Source) ~[?:1.8.0_181]
	at net.minecraft.launchwrapper.LaunchClassLoader.findClass(LaunchClassLoader.java:182) ~[launchwrapper-1.12.jar:?]
	at java.lang.ClassLoader.loadClass(Unknown Source) ~[?:1.8.0_181]
	at java.lang.ClassLoader.loadClass(Unknown Source) ~[?:1.8.0_181]
	at java.lang.Class.forName0(Native Method) ~[?:1.8.0_181]
	at java.lang.Class.forName(Unknown Source) ~[?:1.8.0_181]
	at cofh.asm.CoFHAccessTransformer.transform(CoFHAccessTransformer.java:90) ~[CoFHCore-%5B1.7.10%5D3.1.4-329.jar:?]
	at net.minecraft.launchwrapper.LaunchClassLoader.runTransformers(LaunchClassLoader.java:279) ~[launchwrapper-1.12.jar:?]
	at net.minecraft.launchwrapper.LaunchClassLoader.findClass(LaunchClassLoader.java:176) ~[launchwrapper-1.12.jar:?]
	at java.lang.ClassLoader.loadClass(Unknown Source) ~[?:1.8.0_181]
	at java.lang.ClassLoader.loadClass(Unknown Source) ~[?:1.8.0_181]
	at java.lang.Class.forName0(Native Method) ~[?:1.8.0_181]
	at java.lang.Class.forName(Unknown Source) ~[?:1.8.0_181]
	at cofh.asm.CoFHAccessTransformer.transform(CoFHAccessTransformer.java:90) ~[CoFHCore-%5B1.7.10%5D3.1.4-329.jar:?]
	at net.minecraft.launchwrapper.LaunchClassLoader.runTransformers(LaunchClassLoader.java:279) ~[launchwrapper-1.12.jar:?]
	at net.minecraft.launchwrapper.LaunchClassLoader.findClass(LaunchClassLoader.java:176) ~[launchwrapper-1.12.jar:?]
	at java.lang.ClassLoader.loadClass(Unknown Source) ~[?:1.8.0_181]
	at java.lang.ClassLoader.loadClass(Unknown Source) ~[?:1.8.0_181]
	at net.minecraft.block.Block.func_149671_p(Block.java:222) ~[aji.class:?]
	at net.minecraft.init.Bootstrap.func_151354_b(SourceFile:355) ~[kl.class:?]
	at net.minecraft.client.Minecraft.<init>(Minecraft.java:287) ~[bao.class:?]
	at net.minecraft.client.main.Main.main(SourceFile:129) ~[Main.class:?]
	... 14 more
[12:00:43] [main/INFO] [STDERR/]: [org.multimc.onesix.OneSixLauncher:launchWithMainClass:199]: Failed to start Minecraft:
[12:00:43] [main/INFO] [STDERR/]: [java.lang.Throwable$WrappedPrintStream:println:-1]: java.lang.reflect.InvocationTargetException
[12:00:43] [main/INFO] [STDERR/]: [java.lang.Throwable$WrappedPrintStream:println:-1]: 	at sun.reflect.NativeMethodAccessorImpl.invoke0(Native Method)
[12:00:43] [main/INFO] [STDERR/]: [java.lang.Throwable$WrappedPrintStream:println:-1]: 	at sun.reflect.NativeMethodAccessorImpl.invoke(Unknown Source)
[12:00:43] [main/INFO] [STDERR/]: [java.lang.Throwable$WrappedPrintStream:println:-1]: 	at sun.reflect.DelegatingMethodAccessorImpl.invoke(Unknown Source)
[12:00:43] [main/INFO] [STDERR/]: [java.lang.Throwable$WrappedPrintStream:println:-1]: 	at java.lang.reflect.Method.invoke(Unknown Source)
[12:00:43] [main/INFO] [STDERR/]: [java.lang.Throwable$WrappedPrintStream:println:-1]: 	at org.multimc.onesix.OneSixLauncher.launchWithMainClass(OneSixLauncher.java:196)
[12:00:43] [main/INFO] [STDERR/]: [java.lang.Throwable$WrappedPrintStream:println:-1]: 	at org.multimc.onesix.OneSixLauncher.launch(OneSixLauncher.java:231)
[12:00:43] [main/INFO] [STDERR/]: [java.lang.Throwable$WrappedPrintStream:println:-1]: 	at org.multimc.EntryPoint.listen(EntryPoint.java:143)
[12:00:43] [main/INFO] [STDERR/]: [java.lang.Throwable$WrappedPrintStream:println:-1]: 	at org.multimc.EntryPoint.main(EntryPoint.java:34)
[12:00:43] [main/INFO] [STDERR/]: [java.lang.Throwable$WrappedPrintStream:println:-1]: Caused by: cpw.mods.fml.relauncher.FMLSecurityManager$ExitTrappedException
[12:00:43] [main/INFO] [STDERR/]: [java.lang.Throwable$WrappedPrintStream:println:-1]: 	at cpw.mods.fml.relauncher.FMLSecurityManager.checkPermission(FMLSecurityManager.java:25)
[12:00:43] [main/INFO] [STDERR/]: [java.lang.Throwable$WrappedPrintStream:println:-1]: 	at java.lang.SecurityManager.checkExit(Unknown Source)
[12:00:43] [main/INFO] [STDERR/]: [java.lang.Throwable$WrappedPrintStream:println:-1]: 	at java.lang.Runtime.exit(Unknown Source)
[12:00:43] [main/INFO] [STDERR/]: [java.lang.Throwable$WrappedPrintStream:println:-1]: 	at java.lang.System.exit(Unknown Source)
[12:00:43] [main/INFO] [STDERR/]: [java.lang.Throwable$WrappedPrintStream:println:-1]: 	at net.minecraft.launchwrapper.Launch.launch(Launch.java:138)
[12:00:43] [main/INFO] [STDERR/]: [java.lang.Throwable$WrappedPrintStream:println:-1]: 	at net.minecraft.launchwrapper.Launch.main(Launch.java:28)
[12:00:43] [main/INFO] [STDERR/]: [java.lang.Throwable$WrappedPrintStream:println:-1]: 	... 8 more
[12:00:43] [main/INFO] [STDOUT/]: [org.multimc.EntryPoint:main:37]: Exiting with -1
[12:00:43] [main/INFO] [STDERR/]: [java.lang.Throwable$WrappedPrintStream:println:-1]: java.lang.ArrayIndexOutOfBoundsException: 5
[12:00:43] [main/INFO] [STDERR/]: [java.lang.Throwable$WrappedPrintStream:println:-1]: 	at cpw.mods.fml.relauncher.FMLSecurityManager.checkPermission(FMLSecurityManager.java:21)
[12:00:43] [main/INFO] [STDERR/]: [java.lang.Throwable$WrappedPrintStream:println:-1]: 	at java.lang.SecurityManager.checkExit(Unknown Source)
[12:00:43] [main/INFO] [STDERR/]: [java.lang.Throwable$WrappedPrintStream:println:-1]: 	at java.lang.Runtime.exit(Unknown Source)
[12:00:43] [main/INFO] [STDERR/]: [java.lang.Throwable$WrappedPrintStream:println:-1]: 	at java.lang.System.exit(Unknown Source)
[12:00:43] [main/INFO] [STDERR/]: [java.lang.Throwable$WrappedPrintStream:println:-1]: 	at org.multimc.EntryPoint.main(EntryPoint.java:38)
