[08:09:21] [main/INFO]: Setting user: Hopape
[08:09:23] [Client thread/INFO]: LWJGL Version: 2.9.1
[08:09:24] [Client thread/INFO]: Reloading ResourceManager: Default, CustomResources, FMLFileResourcePack:Better Loading Screen, CustomOverridingResources
[08:09:24] [Client thread/INFO]: Reloading ResourceManager: Default, CustomResources, FMLFileResourcePack:Better Loading Screen, CustomOverridingResources
[08:09:25] [Client thread/INFO]: Reloading ResourceManager: Default, CustomResources, FMLFileResourcePack:Better Loading Screen, CustomOverridingResources
[08:10:07] [Client thread/INFO]: Reloading ResourceManager: Default, CustomResources, FMLFileResourcePack:Better Loading Screen, FMLFileResourcePack:Forge Mod Loader, FMLFileResourcePack:Minecraft Forge, FMLFileResourcePack:Not Enough Items, FMLFileResourcePack:AE2 Stuff, FMLFileResourcePack:Applied Energistics 2, FMLFileResourcePack:Archimedes' Ships, FMLFileResourcePack:Aroma1997Core|Helper, FMLFileResourcePack:Aroma1997's Dimensional World, FMLFileResourcePack:AromaBackup, FMLFileResourcePack:AromaBackup Recovery, FMLFileResourcePack:Backpack, FMLFileResourcePack:Baubles, FMLFileResourcePack:BD Lib, FMLFileResourcePack:Better Builder's Wands, FMLFileResourcePack:Better Loading Screen, FMLFileResourcePack:BiblioCraft, FMLFileResourcePack:BiblioWoods Biomes O'Plenty Edition, FMLFileResourcePack:Biomes O' Plenty, FMLFileResourcePack:Botania, FMLFileResourcePack:Brandon's Core, FMLFileResourcePack:BuildCraft, FMLFileResourcePack:BC Transport, FMLFileResourcePack:BC Factory, FMLFileResourcePack:BC Silicon, FMLFileResourcePack:BC Robotics, FMLFileResourcePack:BC Energy, FMLFileResourcePack:BC Builders, FMLFileResourcePack:Carpenter's Blocks, FMLFileResourcePack:ChickenChunks, FMLFileResourcePack:Chisel, FMLFileResourcePack:CoFH Core, FMLFileResourcePack:Compact Solar Arrays, FMLFileResourcePack:Crafting Tweaks, FMLFileResourcePack:Custom Main Menu, FMLFileResourcePack:PTRModelLib, FMLFileResourcePack:Decocraft, FMLFileResourcePack:Draconic Evolution, FMLFileResourcePack:Ender Compass, FMLFileResourcePack:EnderCore, FMLFileResourcePack:Ender IO, FMLFileResourcePack:EnderStorage, FMLFileResourcePack:Extra Utilities, FMLFileResourcePack:Fast Leaf Decay, FMLFileResourcePack:Forestry for Minecraft, FMLFileResourcePack:Future Craft, FMLFileResourcePack:Galacticraft Planets, FMLFileResourcePack:Galacticraft Core, FMLFileResourcePack:Gravestone, FMLFileResourcePack:GraviGun, FMLFileResourcePack:Hats, FMLFileResourcePack:iChunUtil, FMLFileResourcePack:In-Game wiki Mod, FMLFileResourcePack:Immersive Engineering, FMLFileResourcePack:IndustrialCraft 2, FMLFileResourcePack:Inventory Tweaks, FMLFileResourcePack:Iron Chest, FMLFileResourcePack:JABBA, FMLFileResourcePack:JourneyMap, FMLFileResourcePack:kris91268's Light Bridges and Doors, FMLFileResourcePack:Magical Crops, FMLFileResourcePack:Magical Crops: Armoury, FMLFileResourcePack:Magical Crops: Decorative, FMLFileResourcePack:MalisisCore, FMLFileResourcePack:Malisis' Doors, FMLFileResourcePack:Mantle, FMLFileResourcePack:Mekanism, FMLFileResourcePack:MekanismGenerators, FMLFileResourcePack:MekanismTools, FMLFileResourcePack:MFR Compat: MagicalCrops, FMLFileResourcePack:MineFactory Reloaded, FMLFileResourcePack:MFR Compat: Applied Energistics, FMLFileResourcePack:MFR Compat: BuildCraft, FMLFileResourcePack:MFR Compat: Forestry, FMLFileResourcePack:MFR Compat: ForgeMicroblock, FMLFileResourcePack:MFR Compat: IC2, FMLFileResourcePack:MFR Compat: Thermal Expansion, FMLFileResourcePack:MFR Compat: Tinkers' Construct, FMLFileResourcePack:MFR Compat: Vanilla, FMLFileResourcePack:MineTweaker 3, FMLFileResourcePack:MachineMuse's Modular Powersuits, FMLFileResourcePack:Morph, FMLFileResourcePack:Morpheus, FMLFileResourcePack:Numina, FMLFileResourcePack:OpenBlocks, FMLFileResourcePack:OpenMods, FMLFileResourcePack:p455w0rd's Library, FMLFileResourcePack:Pam's HarvestCraft, FMLFileResourcePack:PortalGun, FMLFileResourcePack:ProjectRed Core, FMLFileResourcePack:ProjectRed Integration, FMLFileResourcePack:ProjectRed Transmission, FMLFileResourcePack:ProjectRed Illumination, FMLFileResourcePack:ProjectRed Expansion, FMLFileResourcePack:ProjectRed Transportation, FMLFileResourcePack:QuantumFlux, FMLFileResourcePack:Resource Loader, FMLFileResourcePack:RFTools, FMLFileResourcePack:Roguelike Dungeons, FMLFileResourcePack:Simply Jetpacks, FMLFileResourcePack:Solar Flux, FMLFileResourcePack:Steve's Factory Manager, FMLFileResourcePack:Storage Drawers, FMLFileResourcePack:Storage Drawers: Biomes O' Plenty Pack, FMLFileResourcePack:Tinkers' Construct, FMLFileResourcePack:Thermal Dynamics, FMLFileResourcePack:Thermal Expansion, FMLFileResourcePack:Thermal Foundation, FMLFileResourcePack:Torched, FMLFileResourcePack:Traincraft, FMLFileResourcePack:Vein Miner, FMLFileResourcePack:Mod Support, FMLFileResourcePack:Waila, FMLFileResourcePack:Waila Harvestability, FMLFileResourcePack:Forge Microblocks, FMLFileResourcePack:Forge Multipart, FMLFileResourcePack:Minecraft Multipart Plugin, FMLFileResourcePack:MCFrames, FMLFileResourcePack:ForgeRelocation, FMLFileResourcePack:RelocationFMP, FMLFileResourcePack:MrTJPCore
[08:10:49] [Sound Library Loader/INFO]: Sound engine started
[08:11:16] [Client thread/INFO]: Created: 16x16 textures/blocks-atlas
[08:11:16] [Client thread/INFO]: Created: 16x16 textures/items-atlas
[08:11:22] [Client thread/INFO]: Created: 16x16 textures/revolvers-atlas
[08:11:47] [Client thread/INFO]: Reloading ResourceManager: Default, CustomResources, FMLFileResourcePack:Better Loading Screen, FMLFileResourcePack:Forge Mod Loader, FMLFileResourcePack:Minecraft Forge, FMLFileResourcePack:Not Enough Items, FMLFileResourcePack:AE2 Stuff, FMLFileResourcePack:Applied Energistics 2, FMLFileResourcePack:Archimedes' Ships, FMLFileResourcePack:Aroma1997Core|Helper, FMLFileResourcePack:Aroma1997's Dimensional World, FMLFileResourcePack:AromaBackup, FMLFileResourcePack:AromaBackup Recovery, FMLFileResourcePack:Backpack, FMLFileResourcePack:Baubles, FMLFileResourcePack:BD Lib, FMLFileResourcePack:Better Builder's Wands, FMLFileResourcePack:Better Loading Screen, FMLFileResourcePack:BiblioCraft, FMLFileResourcePack:BiblioWoods Biomes O'Plenty Edition, FMLFileResourcePack:Biomes O' Plenty, FMLFileResourcePack:Botania, FMLFileResourcePack:Brandon's Core, FMLFileResourcePack:BuildCraft, FMLFileResourcePack:BC Transport, FMLFileResourcePack:BC Factory, FMLFileResourcePack:BC Silicon, FMLFileResourcePack:BC Robotics, FMLFileResourcePack:BC Energy, FMLFileResourcePack:BC Builders, FMLFileResourcePack:Carpenter's Blocks, FMLFileResourcePack:ChickenChunks, FMLFileResourcePack:Chisel, FMLFileResourcePack:CoFH Core, FMLFileResourcePack:Compact Solar Arrays, FMLFileResourcePack:Crafting Tweaks, FMLFileResourcePack:Custom Main Menu, FMLFileResourcePack:PTRModelLib, FMLFileResourcePack:Decocraft, FMLFileResourcePack:Draconic Evolution, FMLFileResourcePack:Ender Compass, FMLFileResourcePack:EnderCore, FMLFileResourcePack:Ender IO, FMLFileResourcePack:EnderStorage, FMLFileResourcePack:Extra Utilities, FMLFileResourcePack:Fast Leaf Decay, FMLFileResourcePack:Forestry for Minecraft, FMLFileResourcePack:Future Craft, FMLFileResourcePack:Galacticraft Planets, FMLFileResourcePack:Galacticraft Core, FMLFileResourcePack:Gravestone, FMLFileResourcePack:GraviGun, FMLFileResourcePack:Hats, FMLFileResourcePack:iChunUtil, FMLFileResourcePack:In-Game wiki Mod, FMLFileResourcePack:Immersive Engineering, FMLFileResourcePack:IndustrialCraft 2, FMLFileResourcePack:Inventory Tweaks, FMLFileResourcePack:Iron Chest, FMLFileResourcePack:JABBA, FMLFileResourcePack:JourneyMap, FMLFileResourcePack:kris91268's Light Bridges and Doors, FMLFileResourcePack:Magical Crops, FMLFileResourcePack:Magical Crops: Armoury, FMLFileResourcePack:Magical Crops: Decorative, FMLFileResourcePack:MalisisCore, FMLFileResourcePack:Malisis' Doors, FMLFileResourcePack:Mantle, FMLFileResourcePack:Mekanism, FMLFileResourcePack:MekanismGenerators, FMLFileResourcePack:MekanismTools, FMLFileResourcePack:MFR Compat: MagicalCrops, FMLFileResourcePack:MineFactory Reloaded, FMLFileResourcePack:MFR Compat: Applied Energistics, FMLFileResourcePack:MFR Compat: BuildCraft, FMLFileResourcePack:MFR Compat: Forestry, FMLFileResourcePack:MFR Compat: ForgeMicroblock, FMLFileResourcePack:MFR Compat: IC2, FMLFileResourcePack:MFR Compat: Thermal Expansion, FMLFileResourcePack:MFR Compat: Tinkers' Construct, FMLFileResourcePack:MFR Compat: Vanilla, FMLFileResourcePack:MineTweaker 3, FMLFileResourcePack:MachineMuse's Modular Powersuits, FMLFileResourcePack:Morph, FMLFileResourcePack:Morpheus, FMLFileResourcePack:Numina, FMLFileResourcePack:OpenBlocks, FMLFileResourcePack:OpenMods, FMLFileResourcePack:p455w0rd's Library, FMLFileResourcePack:Pam's HarvestCraft, FMLFileResourcePack:PortalGun, FMLFileResourcePack:ProjectRed Core, FMLFileResourcePack:ProjectRed Integration, FMLFileResourcePack:ProjectRed Transmission, FMLFileResourcePack:ProjectRed Illumination, FMLFileResourcePack:ProjectRed Expansion, FMLFileResourcePack:ProjectRed Transportation, FMLFileResourcePack:QuantumFlux, FMLFileResourcePack:Resource Loader, FMLFileResourcePack:RFTools, FMLFileResourcePack:Roguelike Dungeons, FMLFileResourcePack:Simply Jetpacks, FMLFileResourcePack:Solar Flux, FMLFileResourcePack:Steve's Factory Manager, FMLFileResourcePack:Storage Drawers, FMLFileResourcePack:Storage Drawers: Biomes O' Plenty Pack, FMLFileResourcePack:Tinkers' Construct, FMLFileResourcePack:Thermal Dynamics, FMLFileResourcePack:Thermal Expansion, FMLFileResourcePack:Thermal Foundation, FMLFileResourcePack:Torched, FMLFileResourcePack:Traincraft, FMLFileResourcePack:Vein Miner, FMLFileResourcePack:Mod Support, FMLFileResourcePack:Waila, FMLFileResourcePack:Waila Harvestability, FMLFileResourcePack:Forge Microblocks, FMLFileResourcePack:Forge Multipart, FMLFileResourcePack:Minecraft Multipart Plugin, FMLFileResourcePack:MCFrames, FMLFileResourcePack:ForgeRelocation, FMLFileResourcePack:RelocationFMP, FMLFileResourcePack:MrTJPCore, PortalGunSounds.pak, CustomResources, FMLFileResourcePack:Carpenter's Blocks Cached Resources, resources, XU_Delegate_Pack, XU_Delegate_Pack, XU_Delegate_Pack, CustomOverridingResources
[08:12:20] [Client thread/INFO]: Created: 4096x2048 textures/blocks-atlas
[08:12:21] [Client thread/INFO]: Created: 1024x1024 textures/revolvers-atlas
[08:12:30] [Client thread/INFO]: Created: 2048x2048 textures/items-atlas
[08:12:31] [Sound Library Loader/INFO]: Sound engine started
[08:14:07] [Server thread/INFO]: Starting integrated minecraft server version 1.7.10
[08:14:07] [Server thread/INFO]: Generating keypair
[08:14:09] [Server thread/INFO]: Preparing start region for level 0
[08:14:11] [Server thread/INFO]: Preparing spawn area: 43%
[08:14:13] [Server thread/INFO]: Changing view distance to 16, from 10
[08:14:13] [Server thread/INFO]: Hopape[local:E:4c0c6aa3] logged in with entity id 258 at (-65.84125181967222, 63.5, 906.1424515965616)
[08:14:13] [Server thread/INFO]: Hopape joined the game
[08:14:16] [Client thread/INFO]: [CHAT] InvTweaks: Configuration loaded.
[08:14:16] [Client thread/INFO]: [CHAT] ProjectRed 4.8.1 available.
[08:14:18] [Server thread/INFO]: Saving and pausing game...
[08:14:18] [Server thread/INFO]: Saving chunks for level 'FutureCraft Test'/Overworld
[08:14:18] [Server thread/INFO]: Saving chunks for level 'FutureCraft Test'/Nether
[08:14:18] [Server thread/INFO]: Saving chunks for level 'FutureCraft Test'/The End
[08:14:18] [Server thread/INFO]: Saving chunks for level 'FutureCraft Test'/Asteroids
[08:14:18] [Server thread/INFO]: Saving chunks for level 'FutureCraft Test'/Underdark
[08:14:18] [Server thread/INFO]: Saving chunks for level 'FutureCraft Test'/The Last Millenium
[08:14:18] [Server thread/INFO]: Saving chunks for level 'FutureCraft Test'/Mining World
[08:14:18] [Server thread/INFO]: Saving chunks for level 'FutureCraft Test'/Moon
[08:14:18] [Server thread/INFO]: Saving chunks for level 'FutureCraft Test'/Mars
[08:14:18] [Server thread/WARN]: Can't keep up! Did the system time change, or is the server overloaded? Running 4618ms behind, skipping 92 tick(s)
[08:14:19] [AromaBackup/INFO]: [§1AromaBackup§r] Starting Backup. The world may lag for a bit!
[08:14:22] [Client thread/INFO]: [CHAT] This server does not have Crafting Tweaks installed. Functionality may be limited.
[08:18:40] [Client thread/INFO]: [CHAT] codechickencore.update
[08:18:46] [AromaBackup/INFO]: [§1AromaBackup§r] World Backup done!
[08:18:46] [AromaBackup/INFO]: [§1AromaBackup§r] Next scheduled Backup in 30 minutes.
[08:18:50] [Client thread/INFO]: [CHAT] [§1AromaBackup§r] Starting Backup. The world may lag for a bit!
[08:18:50] [Client thread/INFO]: [CHAT] Veinminer using client keybind. See mod config for details.
[08:18:50] [Client thread/INFO]: [CHAT] Veinminer client keybind set to activate on pressing the key.
[08:18:50] [Client thread/INFO]: [CHAT] [§1AromaBackup§r] World Backup done!
[08:18:50] [Client thread/INFO]: [CHAT] [§1AromaBackup§r] Next scheduled Backup in 30 minutes.
[08:18:51] [Server thread/INFO]: Saving and pausing game...
[08:18:51] [Server thread/INFO]: Saving chunks for level 'FutureCraft Test'/Overworld
[08:18:51] [Server thread/INFO]: Saving chunks for level 'FutureCraft Test'/Nether
[08:18:51] [Server thread/INFO]: Saving chunks for level 'FutureCraft Test'/The End
[08:18:51] [Server thread/INFO]: Saving chunks for level 'FutureCraft Test'/Asteroids
[08:18:51] [Server thread/INFO]: Saving chunks for level 'FutureCraft Test'/Underdark
[08:18:51] [Server thread/INFO]: Saving chunks for level 'FutureCraft Test'/The Last Millenium
[08:18:51] [Server thread/INFO]: Saving chunks for level 'FutureCraft Test'/Mining World
[08:18:51] [Server thread/INFO]: Saving chunks for level 'FutureCraft Test'/Moon
[08:18:51] [Server thread/INFO]: Saving chunks for level 'FutureCraft Test'/Mars
[08:19:49] [Client thread/INFO]: [CHAT] §eJourneyMap:§f Press [§bJ§f] or open browser to§b§n http://localhost:8737 §f
[08:19:50] [Server thread/INFO]: Saving and pausing game...
[08:19:50] [Server thread/INFO]: Saving chunks for level 'FutureCraft Test'/Overworld
[08:19:50] [Server thread/INFO]: Saving chunks for level 'FutureCraft Test'/Nether
[08:19:50] [Server thread/INFO]: Saving chunks for level 'FutureCraft Test'/The End
[08:19:50] [Server thread/INFO]: Saving chunks for level 'FutureCraft Test'/Asteroids
[08:19:50] [Server thread/INFO]: Saving chunks for level 'FutureCraft Test'/Underdark
[08:19:50] [Server thread/INFO]: Saving chunks for level 'FutureCraft Test'/The Last Millenium
[08:19:50] [Server thread/INFO]: Saving chunks for level 'FutureCraft Test'/Mining World
[08:19:50] [Server thread/INFO]: Saving chunks for level 'FutureCraft Test'/Moon
[08:19:50] [Server thread/INFO]: Saving chunks for level 'FutureCraft Test'/Mars
[08:19:56] [Client thread/INFO]: [CHAT] §d[Draconic Evolution]§r New version available:
[08:19:56] [Client thread/INFO]: [CHAT] §aDraconic Evolution v1.0.2
[08:19:56] [Client thread/INFO]: [CHAT] More bug fixes! Hopefully fixed the chaos guardian issues once and for all...
[08:22:48] [Server thread/INFO]: Saving and pausing game...
[08:22:48] [Server thread/INFO]: Saving chunks for level 'FutureCraft Test'/Overworld
[08:22:48] [Server thread/INFO]: Saving chunks for level 'FutureCraft Test'/Nether
[08:22:48] [Server thread/INFO]: Saving chunks for level 'FutureCraft Test'/Asteroids
[08:22:48] [Server thread/INFO]: Saving chunks for level 'FutureCraft Test'/The Last Millenium
[08:22:48] [Server thread/INFO]: Saving chunks for level 'FutureCraft Test'/Moon
[08:22:48] [Server thread/INFO]: Saving chunks for level 'FutureCraft Test'/Mars
[08:24:11] [Server thread/INFO]: Saving and pausing game...
[08:24:11] [Server thread/INFO]: Saving chunks for level 'FutureCraft Test'/Overworld
[08:24:11] [Server thread/INFO]: Saving chunks for level 'FutureCraft Test'/Nether
[08:24:11] [Server thread/INFO]: Saving chunks for level 'FutureCraft Test'/Asteroids
[08:24:12] [Server thread/INFO]: Saving chunks for level 'FutureCraft Test'/The Last Millenium
[08:24:12] [Server thread/INFO]: Saving chunks for level 'FutureCraft Test'/Moon
[08:24:12] [Server thread/INFO]: Saving chunks for level 'FutureCraft Test'/Mars
[08:24:58] [Server thread/INFO]: Saving and pausing game...
[08:24:58] [Server thread/INFO]: Saving chunks for level 'FutureCraft Test'/Overworld
[08:24:59] [Server thread/INFO]: Saving chunks for level 'FutureCraft Test'/Nether
[08:24:59] [Server thread/INFO]: Saving chunks for level 'FutureCraft Test'/Asteroids
[08:24:59] [Server thread/INFO]: Saving chunks for level 'FutureCraft Test'/The Last Millenium
[08:24:59] [Server thread/INFO]: Saving chunks for level 'FutureCraft Test'/Moon
[08:24:59] [Server thread/INFO]: Saving chunks for level 'FutureCraft Test'/Mars
[08:25:31] [Server thread/INFO]: Saving and pausing game...
[08:25:31] [Server thread/INFO]: Saving chunks for level 'FutureCraft Test'/Overworld
[08:25:31] [Server thread/INFO]: Saving chunks for level 'FutureCraft Test'/Nether
[08:25:31] [Server thread/INFO]: Saving chunks for level 'FutureCraft Test'/Asteroids
[08:25:31] [Server thread/INFO]: Saving chunks for level 'FutureCraft Test'/The Last Millenium
[08:25:31] [Server thread/INFO]: Saving chunks for level 'FutureCraft Test'/Moon
[08:25:31] [Server thread/INFO]: Saving chunks for level 'FutureCraft Test'/Mars
[08:25:36] [Server thread/INFO]: Saving and pausing game...
[08:25:36] [Server thread/INFO]: Saving chunks for level 'FutureCraft Test'/Overworld
[08:25:36] [Server thread/INFO]: Saving chunks for level 'FutureCraft Test'/Nether
[08:25:36] [Server thread/INFO]: Saving chunks for level 'FutureCraft Test'/Asteroids
[08:25:36] [Server thread/INFO]: Saving chunks for level 'FutureCraft Test'/The Last Millenium
[08:25:36] [Server thread/INFO]: Saving chunks for level 'FutureCraft Test'/Moon
[08:25:36] [Server thread/INFO]: Saving chunks for level 'FutureCraft Test'/Mars
[08:25:39] [Server thread/INFO]: Saving and pausing game...
[08:25:39] [Server thread/INFO]: Saving chunks for level 'FutureCraft Test'/Overworld
[08:25:40] [Server thread/INFO]: Saving chunks for level 'FutureCraft Test'/Nether
[08:25:40] [Server thread/INFO]: Saving chunks for level 'FutureCraft Test'/Asteroids
[08:25:40] [Server thread/INFO]: Saving chunks for level 'FutureCraft Test'/The Last Millenium
[08:25:40] [Server thread/INFO]: Saving chunks for level 'FutureCraft Test'/Moon
[08:25:40] [Server thread/INFO]: Saving chunks for level 'FutureCraft Test'/Mars
[08:26:30] [Client thread/INFO]: Warning: Clientside chunk ticking took 178 ms
[08:26:31] [Client thread/INFO]: Warning: Clientside chunk ticking took 182 ms
[08:26:31] [Client thread/INFO]: Warning: Clientside chunk ticking took 198 ms
[08:26:31] [Server thread/INFO]: Saving and pausing game...
[08:26:31] [Server thread/INFO]: Saving chunks for level 'FutureCraft Test'/Overworld
[08:26:31] [Server thread/INFO]: Saving chunks for level 'FutureCraft Test'/Nether
[08:26:31] [Server thread/INFO]: Saving chunks for level 'FutureCraft Test'/Asteroids
[08:26:31] [Server thread/INFO]: Saving chunks for level 'FutureCraft Test'/The Last Millenium
[08:26:31] [Server thread/INFO]: Saving chunks for level 'FutureCraft Test'/Moon
[08:26:31] [Server thread/INFO]: Saving chunks for level 'FutureCraft Test'/Mars
[08:27:31] [Client thread/INFO]: Warning: Clientside chunk ticking took 196 ms
[08:27:33] [Client thread/INFO]: Warning: Clientside chunk ticking took 111 ms
[08:27:39] [Client thread/INFO]: Warning: Clientside chunk ticking took 147 ms
[08:27:44] [Client thread/INFO]: Warning: Clientside chunk ticking took 197 ms
[08:27:44] [Client thread/INFO]: Warning: Clientside chunk ticking took 117 ms
[08:27:48] [Client thread/INFO]: Warning: Clientside chunk ticking took 221 ms
[08:27:48] [Client thread/INFO]: Warning: Clientside chunk ticking took 148 ms
[08:27:57] [Client thread/INFO]: Warning: Clientside chunk ticking took 185 ms
[08:27:57] [Client thread/INFO]: Warning: Clientside chunk ticking took 178 ms
[08:27:57] [Client thread/INFO]: Warning: Clientside chunk ticking took 199 ms
[08:27:57] [Client thread/INFO]: Warning: Clientside chunk ticking took 198 ms
[08:27:57] [Client thread/INFO]: Warning: Clientside chunk ticking took 199 ms
[08:27:58] [Client thread/INFO]: Warning: Clientside chunk ticking took 201 ms
[08:28:30] [Client thread/INFO]: Warning: Clientside chunk ticking took 153 ms
[08:28:30] [Client thread/INFO]: Warning: Clientside chunk ticking took 147 ms
[08:28:31] [Client thread/INFO]: Warning: Clientside chunk ticking took 202 ms
[08:28:31] [Client thread/INFO]: Warning: Clientside chunk ticking took 203 ms
[08:28:37] [Client thread/INFO]: Warning: Clientside chunk ticking took 183 ms
[08:28:56] [Client thread/INFO]: Warning: Clientside chunk ticking took 105 ms
[08:29:05] [Client thread/INFO]: Warning: Clientside chunk ticking took 138 ms
[08:29:16] [Client thread/INFO]: Warning: Clientside chunk ticking took 143 ms
[08:29:16] [Client thread/INFO]: Warning: Clientside chunk ticking took 135 ms
[08:29:16] [Client thread/INFO]: Warning: Clientside chunk ticking took 200 ms
[08:29:17] [Client thread/INFO]: Warning: Clientside chunk ticking took 199 ms
[08:29:18] [Client thread/INFO]: Warning: Clientside chunk ticking took 108 ms
[08:30:05] [Client thread/INFO]: Warning: Clientside chunk ticking took 175 ms
[08:30:05] [Client thread/INFO]: Warning: Clientside chunk ticking took 174 ms
[08:30:05] [Client thread/INFO]: Warning: Clientside chunk ticking took 229 ms
[08:30:06] [Client thread/INFO]: Warning: Clientside chunk ticking took 228 ms
[08:30:14] [Client thread/INFO]: Warning: Clientside chunk ticking took 101 ms
[08:30:24] [Client thread/INFO]: Warning: Clientside chunk ticking took 107 ms
[08:30:59] [Server thread/INFO]: Saving and pausing game...
[08:30:59] [Server thread/INFO]: Saving chunks for level 'FutureCraft Test'/Overworld
[08:31:00] [Server thread/INFO]: Saving chunks for level 'FutureCraft Test'/Nether
[08:31:00] [Server thread/INFO]: Saving chunks for level 'FutureCraft Test'/Asteroids
[08:31:00] [Server thread/INFO]: Saving chunks for level 'FutureCraft Test'/The Last Millenium
[08:31:00] [Server thread/INFO]: Saving chunks for level 'FutureCraft Test'/Moon
[08:31:00] [Server thread/INFO]: Saving chunks for level 'FutureCraft Test'/Mars
[08:48:47] [AromaBackup/INFO]: [§1AromaBackup§r] Starting Backup. The world may lag for a bit!
[09:19:51] [Client thread/INFO]: [CHAT] [§1AromaBackup§r] Starting Backup. The world may lag for a bit!
[09:19:53] [AromaBackup/INFO]: [§1AromaBackup§r] World Backup done!
[09:19:53] [AromaBackup/INFO]: [§1AromaBackup§r] Next scheduled Backup in 30 minutes.
[09:19:53] [Client thread/INFO]: [CHAT] [§1AromaBackup§r] World Backup done!
[09:19:53] [Client thread/INFO]: [CHAT] [§1AromaBackup§r] Next scheduled Backup in 30 minutes.
[09:20:03] [Server thread/INFO]: Saving and pausing game...
[09:20:03] [Server thread/INFO]: Saving chunks for level 'FutureCraft Test'/Overworld
[09:20:03] [Server thread/INFO]: Saving chunks for level 'FutureCraft Test'/Nether
[09:20:03] [Server thread/INFO]: Saving chunks for level 'FutureCraft Test'/Asteroids
[09:20:03] [Server thread/INFO]: Saving chunks for level 'FutureCraft Test'/The Last Millenium
[09:20:03] [Server thread/INFO]: Saving chunks for level 'FutureCraft Test'/Moon
[09:20:03] [Server thread/INFO]: Saving chunks for level 'FutureCraft Test'/Mars
[09:20:04] [Server thread/INFO]: Stopping server
[09:20:04] [Server thread/INFO]: Saving players
[09:20:04] [Server thread/INFO]: Saving worlds
[09:20:04] [Server thread/INFO]: Saving chunks for level 'FutureCraft Test'/Overworld
[09:20:04] [Server thread/INFO]: Saving chunks for level 'FutureCraft Test'/Nether
[09:20:04] [Server thread/INFO]: Saving chunks for level 'FutureCraft Test'/Asteroids
[09:20:04] [Server thread/INFO]: Saving chunks for level 'FutureCraft Test'/The Last Millenium
[09:20:04] [Server thread/INFO]: Saving chunks for level 'FutureCraft Test'/Moon
[09:20:04] [Server thread/INFO]: Saving chunks for level 'FutureCraft Test'/Mars
[09:21:15] [Client thread/INFO]: Connecting to localhost, 25565
[09:21:19] [Client thread/INFO]: Connecting to localhost, 25565
[09:21:58] [Client thread/INFO]: Stopping!
